#
# A fatal error has been detected by the Java Runtime Environment:
#
#  EXCEPTION_ACCESS_VIOLATION (0xc0000005) at pc=0x00007ffe5053beca, pid=6788, tid=12632
#
# JRE version: Java(TM) SE Runtime Environment (17.0+35) (build 17+35-LTS-2724)
# Java VM: Java HotSpot(TM) 64-Bit Server VM (17+35-LTS-2724, mixed mode, emulated-client, sharing, tiered, compressed oops, compressed class ptrs, g1 gc, windows-amd64)
# Problematic frame:
# V  [jvm.dll+0x73beca]
#
# No core dump will be written. Minidumps are not enabled by default on client versions of Windows
#
# If you would like to submit a bug report, please visit:
#   https://bugreport.java.com/bugreport/crash.jsp
#

---------------  S U M M A R Y ------------

Command Line: -XX:+ShowCodeDetailsInExceptionMessages -agentlib:jdwp=transport=dt_socket,suspend=y,address=localhost:57220 -Dcom.sun.management.jmxremote -Dcom.sun.management.jmxremote.port=57219 -Dcom.sun.management.jmxremote.authenticate=false -Dcom.sun.management.jmxremote.ssl=false -Djava.rmi.server.hostname=localhost -Dspring.jmx.enabled=true -Dmanagement.endpoints.jmx.exposure.include=* -Dspring.application.admin.enabled=true -XX:TieredStopAtLevel=1 -Dspring.boot.project.name=EcommarceApi -javaagent:C:\Users\PRECISE\eclipse\jee-2023-03\eclipse\configuration\org.eclipse.osgi\1317\0\.cp\lib\javaagent-shaded.jar -Dfile.encoding=UTF-8 -Xmx512M com.ecommarce.api.EcommarceApiApplication --spring.output.ansi.enabled=always

Host: Intel(R) Core(TM) i3-4130 CPU @ 3.40GHz, 4 cores, 15G,  Windows 10 , 64 bit Build 19041 (10.0.19041.3155)
Time: Mon Jul 31 12:56:40 2023 India Standard Time elapsed time: 164.260104 seconds (0d 0h 2m 44s)

---------------  T H R E A D  ---------------

Current thread (0x0000021f4a9e22c0):  JavaThread "JDWP Transport Listener: dt_socket" daemon [_thread_in_vm, id=12632, stack(0x0000003fb0e00000,0x0000003fb0f00000)]

Stack: [0x0000003fb0e00000,0x0000003fb0f00000],  sp=0x0000003fb0eff490,  free space=1021k
Native frames: (J=compiled Java code, j=interpreted, Vv=VM code, C=native code)
V  [jvm.dll+0x73beca]
V  [jvm.dll+0x50476c]
V  [jvm.dll+0x4d0084]
C  [jdwp.dll+0x22e9f]


siginfo: EXCEPTION_ACCESS_VIOLATION (0xc0000005), reading address 0x00000000003a000b


Register to memory mapping:

RIP=0x00007ffe5053beca jvm.dll
RAX=0x0000000000000039 is an unknown value
RBX=0x0000021f49ede68c points into unknown readable memory: 24 44 4d 48
RCX=0x00000000003a0007 is an unknown value
RDX=0x0000021f4f113430 points into unknown readable memory: 0x6f63652f6d6f634c | 4c 63 6f 6d 2f 65 63 6f
RSP=0x0000003fb0eff490 is pointing into the stack for thread: 0x0000021f4a9e22c0
RBP=0x0000021f4a9de170 points into unknown readable memory: 0x0000000200000002 | 02 00 00 00 02 00 00 00
RSI=0x0 is NULL
RDI=0xffffffffffffffff is an unknown value
R8 =0x00000000000001cd is an unknown value
R9 =0x0000000000000040 is an unknown value
R10=0x00000000000001c0 is an unknown value
R11=0x0000003fb0eff4b0 is pointing into the stack for thread: 0x0000021f4a9e22c0
R12=0x0000003fb0eff5e8 is pointing into the stack for thread: 0x0000021f4a9e22c0
R13=0x0 is NULL
R14=0x00000008014875a0 is a pointer to class: 
com.ecommarce.api.dao.BookingProductDao$1 {0x00000008014875a8}
 - instance size:     2
 - klass size:        70
 - access:            synchronized 
 - state:             fully_initialized
 - name:              'com/ecommarce/api/dao/BookingProductDao$1'
 - super:             'java/lang/Object'
 - sub:               
 - arrays:            NULL
 - methods:           Array<T>(0x0000021f51cbcd50)
 - method ordering:   Array<T>(0x0000021f51cbcfa8)
 - default_methods:   Array<T>(0x0000000000000000)
 - local interfaces:  Array<T>(0x0000021f51cbc628)
 - trans. interfaces: Array<T>(0x0000021f51cbc628)
 - constants:         constant pool [69] {0x0000021f51cbd4f8} for 'com/ecommarce/api/dao/BookingProductDao$1' cache=0x0000021f51cbd7a8
 - class loader data:  loader data: 0x0000021f4b78a880 for instance a 'org/springframework/boot/devtools/restart/classloader/RestartClassLoader'{0x00000000e0701d30}
 - source file:       'BookingProductDao.java'
 - source debug extension:       SMAP
BookingProductDao.java
Java
*S jdt
*F
1 BookingProductDao.java
2 file:/D:/EcommarceApi/EcommarceApi/target/classes/
*L
*E

 - class annotations:       Array<T>(0x0000000000000000)
 - class type annotations:  Array<T>(0x0000000000000000)
 - field annotations:       Array<T>(0x0000000000000000)
 - field type annotations:  Array<T>(0x0000000000000000)
 - generic signature: '
[error occurred during error reporting (printing register info), id 0xc0000005, EXCEPTION_ACCESS_VIOLATION (0xc0000005) at pc=0x00007ffe5053cad6]

Registers:
RAX=0x0000000000000039, RBX=0x0000021f49ede68c, RCX=0x00000000003a0007, RDX=0x0000021f4f113430
RSP=0x0000003fb0eff490, RBP=0x0000021f4a9de170, RSI=0x0000000000000000, RDI=0xffffffffffffffff
R8 =0x00000000000001cd, R9 =0x0000000000000040, R10=0x00000000000001c0, R11=0x0000003fb0eff4b0
R12=0x0000003fb0eff5e8, R13=0x0000000000000000, R14=0x00000008014875a0, R15=0x0000003fb0eff610
RIP=0x00007ffe5053beca, EFLAGS=0x0000000000010206

Top of Stack: (sp=0x0000003fb0eff490)
0x0000003fb0eff490:   0000000000000029 00000008014875a0
0x0000003fb0eff4a0:   0000021f4f113430 00007ffeb3b147b1
0x0000003fb0eff4b0:   ffffffffffffffff 00007ffe5030476c
0x0000003fb0eff4c0:   0000021f49ede68c 0000021f49ede660
0x0000003fb0eff4d0:   0000021f4a9de170 0000000000000000
0x0000003fb0eff4e0:   0000021f49ede620 00000000000003d8
0x0000003fb0eff4f0:   0000021f49ede630 0000021f49edea08
0x0000003fb0eff500:   000000000001ad01 0000003fb0eff5e8
0x0000003fb0eff510:   0000000000000007 0000021f4a9e2568
0x0000003fb0eff520:   00000000e35b24e8 00007ffe502d0084
0x0000003fb0eff530:   0000021f4a9e22c0 0000003fb0eff610
0x0000003fb0eff540:   0000021f3c0d38d0 0000003fb0eff610
0x0000003fb0eff550:   0000021f4a9e22c0 0000000000000000
0x0000003fb0eff560:   0000000000000000 0000000000000000
0x0000003fb0eff570:   0000021f4a9f1380 00007ffea1642e9f
0x0000003fb0eff580:   0000003fb0eff608 00007ffea1651830 

Instructions: (pc=0x00007ffe5053beca)
0x00007ffe5053bdca:   48 83 c4 20 5f e9 fc 87 96 ff cc cc cc cc cc cc
0x00007ffe5053bdda:   cc cc cc cc cc cc 48 89 5c 24 08 57 48 83 ec 20
0x00007ffe5053bdea:   83 fa 02 8d 42 06 b9 08 00 00 00 49 8b d8 0f 4e
0x00007ffe5053bdfa:   c1 48 63 c8 48 83 c1 07 83 e1 f8 48 63 f9 49 8b
0x00007ffe5053be0a:   48 18 48 8b c7 48 f7 d0 48 3b c1 73 16 4c 8d 05
0x00007ffe5053be1a:   9a 48 17 00 48 8b d7 48 8b cb e8 07 eb 96 ff 48
0x00007ffe5053be2a:   8b 4b 18 48 8d 04 39 48 3b 43 20 76 18 45 33 c0
0x00007ffe5053be3a:   48 8b d7 48 8b cb 48 8b 5c 24 30 48 83 c4 20 5f
0x00007ffe5053be4a:   e9 61 e7 96 ff 48 89 43 18 48 8b c1 48 8b 5c 24
0x00007ffe5053be5a:   30 48 83 c4 20 5f c3 cc cc cc cc cc cc cc cc cc
0x00007ffe5053be6a:   cc cc cc cc cc cc 4c 8b d2 4c 8b d9 45 85 c0 7e
0x00007ffe5053be7a:   3c 44 0f b7 49 04 41 8d 40 ff 41 3b c1 44 0f 4c
0x00007ffe5053be8a:   c8 4d 63 c1 45 85 c9 7e 1f 48 8b c2 4c 2b da 49
0x00007ffe5053be9a:   8b d0 0f 1f 40 00 41 0f b6 4c 03 06 88 08 48 8d
0x00007ffe5053beaa:   40 01 48 83 ea 01 75 ee 43 c6 04 10 00 49 8b c2
0x00007ffe5053beba:   c3 cc cc cc cc cc 48 89 5c 24 08 57 48 83 ec 20
0x00007ffe5053beca:   0f b7 59 04 48 8b f9 33 d2 48 8d 4b 01 e8 14 9b
0x00007ffe5053beda:   f8 ff 0f b7 57 04 4c 8b c0 3b da 0f 42 d3 44 8b
0x00007ffe5053beea:   ca 85 d2 74 39 48 2b f8 0f 1f 40 00 66 66 0f 1f
0x00007ffe5053befa:   84 00 00 00 00 00 0f b6 4c 07 06 88 08 48 ff c0
0x00007ffe5053bf0a:   48 8b c8 49 2b c8 49 3b c9 7c eb 42 c6 04 02 00
0x00007ffe5053bf1a:   49 8b c0 48 8b 5c 24 30 48 83 c4 20 5f c3 48 8b
0x00007ffe5053bf2a:   5c 24 30 c6 04 02 00 48 83 c4 20 5f c3 cc cc cc
0x00007ffe5053bf3a:   cc cc cc cc cc cc 4c 8b d1 45 85 c0 7e 6c 44 0f
0x00007ffe5053bf4a:   b7 49 04 41 8d 40 ff 41 3b c1 44 0f 4c c8 4d 63
0x00007ffe5053bf5a:   d9 45 85 c9 7e 22 48 8b ca 4c 2b d2 4d 8b c3 0f
0x00007ffe5053bf6a:   1f 80 00 00 00 00 41 0f b6 44 0a 06 88 01 48 8d
0x00007ffe5053bf7a:   49 01 49 83 e8 01 75 ee 41 c6 04 13 00 48 c7 c0
0x00007ffe5053bf8a:   ff ff ff ff 66 90 48 ff c0 80 3c 02 00 75 f7 48
0x00007ffe5053bf9a:   63 c8 85 c0 48 8b c2 7e 14 80 38 2f 75 03 c6 00
0x00007ffe5053bfaa:   2e 48 ff c0 48 83 e9 01 75 ef 48 8b c2 c3 cc cc
0x00007ffe5053bfba:   cc cc cc cc cc cc 48 83 ec 28 e8 f7 fe ff ff 4c 


Stack slot to memory mapping:
stack at sp + 0 slots: 0x0000000000000029 is an unknown value
stack at sp + 1 slots: 0x00000008014875a0 is a pointer to class: 
com.ecommarce.api.dao.BookingProductDao$1 {0x00000008014875a8}
 - instance size:     2
 - klass size:        70
 - access:            synchronized 
 - state:             fully_initialized
 - name:              'com/ecommarce/api/dao/BookingProductDao$1'
 - super:             'java/lang/Object'
 - sub:               
 - arrays:            NULL
 - methods:           Array<T>(0x0000021f51cbcd50)
 - method ordering:   Array<T>(0x0000021f51cbcfa8)
 - default_methods:   Array<T>(0x0000000000000000)
 - local interfaces:  Array<T>(0x0000021f51cbc628)
 - trans. interfaces: Array<T>(0x0000021f51cbc628)
 - constants:         constant pool [69] {0x0000021f51cbd4f8} for 'com/ecommarce/api/dao/BookingProductDao$1' cache=0x0000021f51cbd7a8
 - class loader data:  loader data: 0x0000021f4b78a880 for instance a 'org/springframework/boot/devtools/restart/classloader/RestartClassLoader'{0x00000000e0701d30}
 - source file:       'BookingProductDao.java'
 - source debug extension:       SMAP
BookingProductDao.java
Java
*S jdt
*F
1 BookingProductDao.java
2 file:/D:/EcommarceApi/EcommarceApi/target/classes/
*L
*E

 - class annotations:       Array<T>(0x0000000000000000)
 - class type annotations:  Array<T>(0x0000000000000000)
 - field annotations:       Array<T>(0x0000000000000000)
 - field type annotations:  Array<T>(0x0000000000000000)
 - generic signature: '
[error occurred during error reporting (inspecting top of stack), id 0xc0000005, EXCEPTION_ACCESS_VIOLATION (0xc0000005) at pc=0x00007ffe5053cad6]


---------------  P R O C E S S  ---------------

Threads class SMR info:
_java_thread_list=0x0000021f4f064740, length=38, elements={
0x0000021f49e8d4f0, 0x0000021f49e8eb50, 0x0000021f49ea42e0, 0x0000021f49ea4e60,
0x0000021f49ea6730, 0x0000021f49ea6ff0, 0x0000021f49ea7960, 0x0000021f49eda920,
0x0000021f49f1e360, 0x0000021f4a9e22c0, 0x0000021f4a9e6180, 0x0000021f4a9e6670,
0x0000021f4b2b6560, 0x0000021f4b384600, 0x0000021f4b3b0ee0, 0x0000021f4b3b9140,
0x0000021f4b7eb850, 0x0000021f4b818070, 0x0000021f4b8176d0, 0x0000021f4b815050,
0x0000021f4b8146b0, 0x0000021f4f133700, 0x0000021f4f134570, 0x0000021f4f1323c0,
0x0000021f4f130210, 0x0000021f4f132890, 0x0000021f4f133bd0, 0x0000021f4f12f3a0,
0x0000021f4f134f10, 0x0000021f4f1306e0, 0x0000021f4f1353e0, 0x0000021f4f131080,
0x0000021f4f130bb0, 0x0000021f4f134a40, 0x0000021f4f1358b0, 0x0000021f4f12fd40,
0x0000021f4f133230, 0x0000021f4f12f870
}

Java Threads: ( => current thread )
  0x0000021f49e8d4f0 JavaThread "Reference Handler" daemon [_thread_blocked, id=14108, stack(0x0000003fb0400000,0x0000003fb0500000)]
  0x0000021f49e8eb50 JavaThread "Finalizer" daemon [_thread_blocked, id=11952, stack(0x0000003fb0500000,0x0000003fb0600000)]
  0x0000021f49ea42e0 JavaThread "Signal Dispatcher" daemon [_thread_blocked, id=336, stack(0x0000003fb0600000,0x0000003fb0700000)]
  0x0000021f49ea4e60 JavaThread "Attach Listener" daemon [_thread_blocked, id=5148, stack(0x0000003fb0700000,0x0000003fb0800000)]
  0x0000021f49ea6730 JavaThread "Service Thread" daemon [_thread_blocked, id=14500, stack(0x0000003fb0800000,0x0000003fb0900000)]
  0x0000021f49ea6ff0 JavaThread "Monitor Deflation Thread" daemon [_thread_blocked, id=4024, stack(0x0000003fb0900000,0x0000003fb0a00000)]
  0x0000021f49ea7960 JavaThread "C1 CompilerThread0" daemon [_thread_blocked, id=12080, stack(0x0000003fb0a00000,0x0000003fb0b00000)]
  0x0000021f49eda920 JavaThread "Sweeper thread" daemon [_thread_blocked, id=3216, stack(0x0000003fb0b00000,0x0000003fb0c00000)]
  0x0000021f49f1e360 JavaThread "Common-Cleaner" daemon [_thread_blocked, id=12484, stack(0x0000003fb0c00000,0x0000003fb0d00000)]
=>0x0000021f4a9e22c0 JavaThread "JDWP Transport Listener: dt_socket" daemon [_thread_in_vm, id=12632, stack(0x0000003fb0e00000,0x0000003fb0f00000)]
  0x0000021f4a9e6180 JavaThread "JDWP Event Helper Thread" daemon [_thread_blocked, id=11452, stack(0x0000003fb0f00000,0x0000003fb1000000)]
  0x0000021f4a9e6670 JavaThread "JDWP Command Reader" daemon [_thread_in_native, id=4196, stack(0x0000003fb1000000,0x0000003fb1100000)]
  0x0000021f4b2b6560 JavaThread "Notification Thread" daemon [_thread_blocked, id=1324, stack(0x0000003fb1100000,0x0000003fb1200000)]
  0x0000021f4b384600 JavaThread "RMI TCP Accept-0" daemon [_thread_in_native, id=14560, stack(0x0000003fb1600000,0x0000003fb1700000)]
  0x0000021f4b3b0ee0 JavaThread "RMI TCP Accept-57219" daemon [_thread_in_native, id=14208, stack(0x0000003fb1700000,0x0000003fb1800000)]
  0x0000021f4b3b9140 JavaThread "RMI TCP Accept-0" daemon [_thread_in_native, id=11860, stack(0x0000003fb1800000,0x0000003fb1900000)]
  0x0000021f4b7eb850 JavaThread "RMI Scheduler(0)" daemon [_thread_blocked, id=12400, stack(0x0000003fb1d00000,0x0000003fb1e00000)]
  0x0000021f4b818070 JavaThread "JMX server connection timeout 27" daemon [_thread_blocked, id=12572, stack(0x0000003fb1f00000,0x0000003fb2000000)]
  0x0000021f4b8176d0 JavaThread "mysql-cj-abandoned-connection-cleanup" daemon [_thread_blocked, id=14124, stack(0x0000003fb2100000,0x0000003fb2200000)]
  0x0000021f4b815050 JavaThread "Catalina-utility-1" [_thread_blocked, id=13336, stack(0x0000003fb2300000,0x0000003fb2400000)]
  0x0000021f4b8146b0 JavaThread "Catalina-utility-2" [_thread_blocked, id=12156, stack(0x0000003fb2400000,0x0000003fb2500000)]
  0x0000021f4f133700 JavaThread "container-0" [_thread_blocked, id=5404, stack(0x0000003fb2500000,0x0000003fb2600000)]
  0x0000021f4f134570 JavaThread "File Watcher" daemon [_thread_in_native, id=12312, stack(0x0000003fb2600000,0x0000003fb2700000)]
  0x0000021f4f1323c0 JavaThread "Live Reload Server" daemon [_thread_in_native, id=14608, stack(0x0000003fb2800000,0x0000003fb2900000)]
  0x0000021f4f130210 JavaThread "http-nio-8005-exec-1" daemon [_thread_blocked, id=15040, stack(0x0000003fb2700000,0x0000003fb2800000)]
  0x0000021f4f132890 JavaThread "http-nio-8005-exec-2" daemon [_thread_blocked, id=14816, stack(0x0000003fb2900000,0x0000003fb2a00000)]
  0x0000021f4f133bd0 JavaThread "http-nio-8005-exec-3" daemon [_thread_blocked, id=12000, stack(0x0000003fb2a00000,0x0000003fb2b00000)]
  0x0000021f4f12f3a0 JavaThread "http-nio-8005-exec-4" daemon [_thread_blocked, id=11472, stack(0x0000003fb2b00000,0x0000003fb2c00000)]
  0x0000021f4f134f10 JavaThread "http-nio-8005-exec-5" daemon [_thread_blocked, id=2760, stack(0x0000003fb2c00000,0x0000003fb2d00000)]
  0x0000021f4f1306e0 JavaThread "http-nio-8005-exec-6" daemon [_thread_blocked, id=5060, stack(0x0000003fb2d00000,0x0000003fb2e00000)]
  0x0000021f4f1353e0 JavaThread "http-nio-8005-exec-7" daemon [_thread_blocked, id=12188, stack(0x0000003fb2e00000,0x0000003fb2f00000)]
  0x0000021f4f131080 JavaThread "http-nio-8005-exec-8" daemon [_thread_blocked, id=7716, stack(0x0000003fb2f00000,0x0000003fb3000000)]
  0x0000021f4f130bb0 JavaThread "http-nio-8005-exec-9" daemon [_thread_blocked, id=15044, stack(0x0000003fb3000000,0x0000003fb3100000)]
  0x0000021f4f134a40 JavaThread "http-nio-8005-exec-10" daemon [_thread_blocked, id=7712, stack(0x0000003fb3100000,0x0000003fb3200000)]
  0x0000021f4f1358b0 JavaThread "http-nio-8005-Poller" daemon [_thread_in_native, id=14380, stack(0x0000003fb3200000,0x0000003fb3300000)]
  0x0000021f4f12fd40 JavaThread "http-nio-8005-Acceptor" daemon [_thread_in_native, id=8404, stack(0x0000003fb3300000,0x0000003fb3400000)]
  0x0000021f4f133230 JavaThread "DestroyJavaVM" [_thread_blocked, id=6024, stack(0x0000003fafd00000,0x0000003fafe00000)]
  0x0000021f4f12f870 JavaThread "RMI TCP Connection(idle)" daemon [_thread_blocked, id=13792, stack(0x0000003fb3700000,0x0000003fb3800000)]

Other Threads:
  0x0000021f49e88990 VMThread "VM Thread" [stack: 0x0000003fb0300000,0x0000003fb0400000] [id=14760]
  0x0000021f3c0e57a0 WatcherThread [stack: 0x0000003fb1900000,0x0000003fb1a00000] [id=7852]
  0x0000021f3c109640 GCTaskThread "GC Thread#0" [stack: 0x0000003fafe00000,0x0000003faff00000] [id=6096]
  0x0000021f4b31a9c0 GCTaskThread "GC Thread#1" [stack: 0x0000003fb1200000,0x0000003fb1300000] [id=2660]
  0x0000021f4b31ac70 GCTaskThread "GC Thread#2" [stack: 0x0000003fb1300000,0x0000003fb1400000] [id=1040]
  0x0000021f4b31af20 GCTaskThread "GC Thread#3" [stack: 0x0000003fb1400000,0x0000003fb1500000] [id=10628]
  0x0000021f3c10e490 ConcurrentGCThread "G1 Main Marker" [stack: 0x0000003faff00000,0x0000003fb0000000] [id=8432]
  0x0000021f3c10f690 ConcurrentGCThread "G1 Conc#0" [stack: 0x0000003fb0000000,0x0000003fb0100000] [id=15016]
  0x0000021f3c1a86c0 ConcurrentGCThread "G1 Refine#0" [stack: 0x0000003fb0100000,0x0000003fb0200000] [id=13848]
  0x0000021f3c1a8ff0 ConcurrentGCThread "G1 Service" [stack: 0x0000003fb0200000,0x0000003fb0300000] [id=3088]

Threads with active compile tasks:

VM state: not at safepoint (normal execution)

VM Mutex/Monitor currently owned by a thread: None

Heap address: 0x00000000e0000000, size: 512 MB, Compressed Oops mode: 32-bit

CDS archive(s) mapped at: [0x0000000800000000-0x0000000800bc0000-0x0000000800bc0000), size 12320768, SharedBaseAddress: 0x0000000800000000, ArchiveRelocationMode: 0.
Compressed class space mapped at: 0x0000000800c00000-0x0000000840c00000, reserved size: 1073741824
Narrow klass base: 0x0000000800000000, Narrow klass shift: 0, Narrow klass range: 0x100000000

GC Precious Log:
 CPUs: 4 total, 4 available
 Memory: 16251M
 Large Page Support: Disabled
 NUMA Support: Disabled
 Compressed Oops: Enabled (32-bit)
 Heap Region Size: 1M
 Heap Min Capacity: 8M
 Heap Initial Capacity: 254M
 Heap Max Capacity: 512M
 Pre-touch: Disabled
 Parallel Workers: 4
 Concurrent Workers: 1
 Concurrent Refinement Workers: 4
 Periodic GC: Disabled

Heap:
 garbage-first heap   total 96256K, used 43668K [0x00000000e0000000, 0x0000000100000000)
  region size 1024K, 10 young (10240K), 3 survivors (3072K)
 Metaspace       used 68191K, committed 68736K, reserved 1114112K
  class space    used 9476K, committed 9728K, reserved 1048576K

Heap Regions: E=young(eden), S=young(survivor), O=old, HS=humongous(starts), HC=humongous(continues), CS=collection set, F=free, OA=open archive, CA=closed archive, TAMS=top-at-mark-start (previous, next)
|   0|0x00000000e0000000, 0x00000000e0100000, 0x00000000e0100000|100%|HS|  |TAMS 0x00000000e0100000, 0x00000000e0000000| Complete 
|   1|0x00000000e0100000, 0x00000000e0200000, 0x00000000e0200000|100%| O|  |TAMS 0x00000000e0200000, 0x00000000e0100000| Untracked 
|   2|0x00000000e0200000, 0x00000000e0300000, 0x00000000e0300000|100%| O|  |TAMS 0x00000000e0300000, 0x00000000e0200000| Untracked 
|   3|0x00000000e0300000, 0x00000000e0400000, 0x00000000e0400000|100%| O|  |TAMS 0x00000000e0400000, 0x00000000e0300000| Untracked 
|   4|0x00000000e0400000, 0x00000000e0500000, 0x00000000e0500000|100%| O|  |TAMS 0x00000000e0500000, 0x00000000e0400000| Untracked 
|   5|0x00000000e0500000, 0x00000000e0600000, 0x00000000e0600000|100%| O|  |TAMS 0x00000000e0600000, 0x00000000e0500000| Untracked 
|   6|0x00000000e0600000, 0x00000000e0700000, 0x00000000e0700000|100%| O|  |TAMS 0x00000000e0700000, 0x00000000e0600000| Untracked 
|   7|0x00000000e0700000, 0x00000000e0800000, 0x00000000e0800000|100%| O|  |TAMS 0x00000000e0800000, 0x00000000e0700000| Untracked 
|   8|0x00000000e0800000, 0x00000000e0900000, 0x00000000e0900000|100%| O|  |TAMS 0x00000000e0900000, 0x00000000e0800000| Untracked 
|   9|0x00000000e0900000, 0x00000000e0a00000, 0x00000000e0a00000|100%| O|  |TAMS 0x00000000e0a00000, 0x00000000e0900000| Untracked 
|  10|0x00000000e0a00000, 0x00000000e0b00000, 0x00000000e0b00000|100%| O|  |TAMS 0x00000000e0b00000, 0x00000000e0a00000| Untracked 
|  11|0x00000000e0b00000, 0x00000000e0c00000, 0x00000000e0c00000|100%| O|  |TAMS 0x00000000e0c00000, 0x00000000e0b00000| Untracked 
|  12|0x00000000e0c00000, 0x00000000e0d00000, 0x00000000e0d00000|100%| O|  |TAMS 0x00000000e0d00000, 0x00000000e0c00000| Untracked 
|  13|0x00000000e0d00000, 0x00000000e0e00000, 0x00000000e0e00000|100%| O|  |TAMS 0x00000000e0e00000, 0x00000000e0d00000| Untracked 
|  14|0x00000000e0e00000, 0x00000000e0f00000, 0x00000000e0f00000|100%| O|  |TAMS 0x00000000e0f00000, 0x00000000e0e00000| Untracked 
|  15|0x00000000e0f00000, 0x00000000e0f7aa00, 0x00000000e1000000| 47%| O|  |TAMS 0x00000000e0f7aa00, 0x00000000e0f00000| Untracked 
|  16|0x00000000e1000000, 0x00000000e1100000, 0x00000000e1100000|100%| O|  |TAMS 0x00000000e1000000, 0x00000000e1000000| Untracked 
|  17|0x00000000e1100000, 0x00000000e1200000, 0x00000000e1200000|100%| O|  |TAMS 0x00000000e1100000, 0x00000000e1100000| Untracked 
|  18|0x00000000e1200000, 0x00000000e1300000, 0x00000000e1300000|100%| O|  |TAMS 0x00000000e1300000, 0x00000000e1200000| Untracked 
|  19|0x00000000e1300000, 0x00000000e1400000, 0x00000000e1400000|100%| O|  |TAMS 0x00000000e1400000, 0x00000000e1300000| Untracked 
|  20|0x00000000e1400000, 0x00000000e1500000, 0x00000000e1500000|100%| O|  |TAMS 0x00000000e1500000, 0x00000000e1400000| Untracked 
|  21|0x00000000e1500000, 0x00000000e1600000, 0x00000000e1600000|100%| O|  |TAMS 0x00000000e1600000, 0x00000000e1500000| Untracked 
|  22|0x00000000e1600000, 0x00000000e1700000, 0x00000000e1700000|100%| O|  |TAMS 0x00000000e1600000, 0x00000000e1600000| Untracked 
|  23|0x00000000e1700000, 0x00000000e1800000, 0x00000000e1800000|100%| O|  |TAMS 0x00000000e1700000, 0x00000000e1700000| Untracked 
|  24|0x00000000e1800000, 0x00000000e1900000, 0x00000000e1900000|100%| O|  |TAMS 0x00000000e1800000, 0x00000000e1800000| Untracked 
|  25|0x00000000e1900000, 0x00000000e1a00000, 0x00000000e1a00000|100%| O|  |TAMS 0x00000000e1900000, 0x00000000e1900000| Untracked 
|  26|0x00000000e1a00000, 0x00000000e1b00000, 0x00000000e1b00000|100%| O|  |TAMS 0x00000000e1a00000, 0x00000000e1a00000| Untracked 
|  27|0x00000000e1b00000, 0x00000000e1c00000, 0x00000000e1c00000|100%| O|  |TAMS 0x00000000e1b00000, 0x00000000e1b00000| Untracked 
|  28|0x00000000e1c00000, 0x00000000e1d00000, 0x00000000e1d00000|100%| O|  |TAMS 0x00000000e1c00000, 0x00000000e1c00000| Untracked 
|  29|0x00000000e1d00000, 0x00000000e1e00000, 0x00000000e1e00000|100%| O|  |TAMS 0x00000000e1d00000, 0x00000000e1d00000| Untracked 
|  30|0x00000000e1e00000, 0x00000000e1f00000, 0x00000000e1f00000|100%| O|  |TAMS 0x00000000e1e00000, 0x00000000e1e00000| Untracked 
|  31|0x00000000e1f00000, 0x00000000e2000000, 0x00000000e2000000|100%| O|  |TAMS 0x00000000e1f00000, 0x00000000e1f00000| Untracked 
|  32|0x00000000e2000000, 0x00000000e2100000, 0x00000000e2100000|100%| O|  |TAMS 0x00000000e2000000, 0x00000000e2000000| Untracked 
|  33|0x00000000e2100000, 0x00000000e2200000, 0x00000000e2200000|100%| O|  |TAMS 0x00000000e2100000, 0x00000000e2100000| Untracked 
|  34|0x00000000e2200000, 0x00000000e223d800, 0x00000000e2300000| 24%| O|  |TAMS 0x00000000e2200000, 0x00000000e2200000| Untracked 
|  35|0x00000000e2300000, 0x00000000e2300000, 0x00000000e2400000|  0%| F|  |TAMS 0x00000000e2300000, 0x00000000e2300000| Untracked 
|  36|0x00000000e2400000, 0x00000000e2400000, 0x00000000e2500000|  0%| F|  |TAMS 0x00000000e2400000, 0x00000000e2400000| Untracked 
|  37|0x00000000e2500000, 0x00000000e2500000, 0x00000000e2600000|  0%| F|  |TAMS 0x00000000e2500000, 0x00000000e2500000| Untracked 
|  38|0x00000000e2600000, 0x00000000e2600000, 0x00000000e2700000|  0%| F|  |TAMS 0x00000000e2600000, 0x00000000e2600000| Untracked 
|  39|0x00000000e2700000, 0x00000000e2700000, 0x00000000e2800000|  0%| F|  |TAMS 0x00000000e2700000, 0x00000000e2700000| Untracked 
|  40|0x00000000e2800000, 0x00000000e2800000, 0x00000000e2900000|  0%| F|  |TAMS 0x00000000e2800000, 0x00000000e2800000| Untracked 
|  41|0x00000000e2900000, 0x00000000e2900000, 0x00000000e2a00000|  0%| F|  |TAMS 0x00000000e2900000, 0x00000000e2900000| Untracked 
|  42|0x00000000e2a00000, 0x00000000e2a00000, 0x00000000e2b00000|  0%| F|  |TAMS 0x00000000e2a00000, 0x00000000e2a00000| Untracked 
|  43|0x00000000e2b00000, 0x00000000e2b00000, 0x00000000e2c00000|  0%| F|  |TAMS 0x00000000e2b00000, 0x00000000e2b00000| Untracked 
|  44|0x00000000e2c00000, 0x00000000e2c00000, 0x00000000e2d00000|  0%| F|  |TAMS 0x00000000e2c00000, 0x00000000e2c00000| Untracked 
|  45|0x00000000e2d00000, 0x00000000e2d00000, 0x00000000e2e00000|  0%| F|  |TAMS 0x00000000e2d00000, 0x00000000e2d00000| Untracked 
|  46|0x00000000e2e00000, 0x00000000e2e00000, 0x00000000e2f00000|  0%| F|  |TAMS 0x00000000e2e00000, 0x00000000e2e00000| Untracked 
|  47|0x00000000e2f00000, 0x00000000e2f00000, 0x00000000e3000000|  0%| F|  |TAMS 0x00000000e2f00000, 0x00000000e2f00000| Untracked 
|  48|0x00000000e3000000, 0x00000000e3000000, 0x00000000e3100000|  0%| F|  |TAMS 0x00000000e3000000, 0x00000000e3000000| Untracked 
|  49|0x00000000e3100000, 0x00000000e3100000, 0x00000000e3200000|  0%| F|  |TAMS 0x00000000e3100000, 0x00000000e3100000| Untracked 
|  50|0x00000000e3200000, 0x00000000e3200000, 0x00000000e3300000|  0%| F|  |TAMS 0x00000000e3200000, 0x00000000e3200000| Untracked 
|  51|0x00000000e3300000, 0x00000000e33ece20, 0x00000000e3400000| 92%| S|CS|TAMS 0x00000000e3300000, 0x00000000e3300000| Complete 
|  52|0x00000000e3400000, 0x00000000e3500000, 0x00000000e3500000|100%| S|CS|TAMS 0x00000000e3400000, 0x00000000e3400000| Complete 
|  53|0x00000000e3500000, 0x00000000e3600000, 0x00000000e3600000|100%| S|CS|TAMS 0x00000000e3500000, 0x00000000e3500000| Complete 
|  54|0x00000000e3600000, 0x00000000e3600000, 0x00000000e3700000|  0%| F|  |TAMS 0x00000000e3600000, 0x00000000e3600000| Untracked 
|  55|0x00000000e3700000, 0x00000000e3700000, 0x00000000e3800000|  0%| F|  |TAMS 0x00000000e3700000, 0x00000000e3700000| Untracked 
|  56|0x00000000e3800000, 0x00000000e3800000, 0x00000000e3900000|  0%| F|  |TAMS 0x00000000e3800000, 0x00000000e3800000| Untracked 
|  57|0x00000000e3900000, 0x00000000e3900000, 0x00000000e3a00000|  0%| F|  |TAMS 0x00000000e3900000, 0x00000000e3900000| Untracked 
|  58|0x00000000e3a00000, 0x00000000e3a00000, 0x00000000e3b00000|  0%| F|  |TAMS 0x00000000e3a00000, 0x00000000e3a00000| Untracked 
|  59|0x00000000e3b00000, 0x00000000e3b00000, 0x00000000e3c00000|  0%| F|  |TAMS 0x00000000e3b00000, 0x00000000e3b00000| Untracked 
|  60|0x00000000e3c00000, 0x00000000e3c00000, 0x00000000e3d00000|  0%| F|  |TAMS 0x00000000e3c00000, 0x00000000e3c00000| Untracked 
|  61|0x00000000e3d00000, 0x00000000e3d00000, 0x00000000e3e00000|  0%| F|  |TAMS 0x00000000e3d00000, 0x00000000e3d00000| Untracked 
|  62|0x00000000e3e00000, 0x00000000e3e00000, 0x00000000e3f00000|  0%| F|  |TAMS 0x00000000e3e00000, 0x00000000e3e00000| Untracked 
|  63|0x00000000e3f00000, 0x00000000e3f00000, 0x00000000e4000000|  0%| F|  |TAMS 0x00000000e3f00000, 0x00000000e3f00000| Untracked 
|  64|0x00000000e4000000, 0x00000000e4000000, 0x00000000e4100000|  0%| F|  |TAMS 0x00000000e4000000, 0x00000000e4000000| Untracked 
|  65|0x00000000e4100000, 0x00000000e4100000, 0x00000000e4200000|  0%| F|  |TAMS 0x00000000e4100000, 0x00000000e4100000| Untracked 
|  66|0x00000000e4200000, 0x00000000e4200000, 0x00000000e4300000|  0%| F|  |TAMS 0x00000000e4200000, 0x00000000e4200000| Untracked 
|  67|0x00000000e4300000, 0x00000000e4300000, 0x00000000e4400000|  0%| F|  |TAMS 0x00000000e4300000, 0x00000000e4300000| Untracked 
|  68|0x00000000e4400000, 0x00000000e4400000, 0x00000000e4500000|  0%| F|  |TAMS 0x00000000e4400000, 0x00000000e4400000| Untracked 
|  69|0x00000000e4500000, 0x00000000e4500000, 0x00000000e4600000|  0%| F|  |TAMS 0x00000000e4500000, 0x00000000e4500000| Untracked 
|  70|0x00000000e4600000, 0x00000000e4600000, 0x00000000e4700000|  0%| F|  |TAMS 0x00000000e4600000, 0x00000000e4600000| Untracked 
|  71|0x00000000e4700000, 0x00000000e4700000, 0x00000000e4800000|  0%| F|  |TAMS 0x00000000e4700000, 0x00000000e4700000| Untracked 
|  72|0x00000000e4800000, 0x00000000e4800000, 0x00000000e4900000|  0%| F|  |TAMS 0x00000000e4800000, 0x00000000e4800000| Untracked 
|  73|0x00000000e4900000, 0x00000000e4900000, 0x00000000e4a00000|  0%| F|  |TAMS 0x00000000e4900000, 0x00000000e4900000| Untracked 
|  74|0x00000000e4a00000, 0x00000000e4a00000, 0x00000000e4b00000|  0%| F|  |TAMS 0x00000000e4a00000, 0x00000000e4a00000| Untracked 
|  75|0x00000000e4b00000, 0x00000000e4b00000, 0x00000000e4c00000|  0%| F|  |TAMS 0x00000000e4b00000, 0x00000000e4b00000| Untracked 
|  76|0x00000000e4c00000, 0x00000000e4c00000, 0x00000000e4d00000|  0%| F|  |TAMS 0x00000000e4c00000, 0x00000000e4c00000| Untracked 
|  77|0x00000000e4d00000, 0x00000000e4d00000, 0x00000000e4e00000|  0%| F|  |TAMS 0x00000000e4d00000, 0x00000000e4d00000| Untracked 
|  78|0x00000000e4e00000, 0x00000000e4e00000, 0x00000000e4f00000|  0%| F|  |TAMS 0x00000000e4e00000, 0x00000000e4e00000| Untracked 
|  79|0x00000000e4f00000, 0x00000000e4f00000, 0x00000000e5000000|  0%| F|  |TAMS 0x00000000e4f00000, 0x00000000e4f00000| Untracked 
|  80|0x00000000e5000000, 0x00000000e5000000, 0x00000000e5100000|  0%| F|  |TAMS 0x00000000e5000000, 0x00000000e5000000| Untracked 
|  81|0x00000000e5100000, 0x00000000e5100000, 0x00000000e5200000|  0%| F|  |TAMS 0x00000000e5100000, 0x00000000e5100000| Untracked 
|  82|0x00000000e5200000, 0x00000000e5200000, 0x00000000e5300000|  0%| F|  |TAMS 0x00000000e5200000, 0x00000000e5200000| Untracked 
|  83|0x00000000e5300000, 0x00000000e5300000, 0x00000000e5400000|  0%| F|  |TAMS 0x00000000e5300000, 0x00000000e5300000| Untracked 
|  84|0x00000000e5400000, 0x00000000e5400000, 0x00000000e5500000|  0%| F|  |TAMS 0x00000000e5400000, 0x00000000e5400000| Untracked 
|  85|0x00000000e5500000, 0x00000000e5500000, 0x00000000e5600000|  0%| F|  |TAMS 0x00000000e5500000, 0x00000000e5500000| Untracked 
|  86|0x00000000e5600000, 0x00000000e5600000, 0x00000000e5700000|  0%| F|  |TAMS 0x00000000e5600000, 0x00000000e5600000| Untracked 
|  87|0x00000000e5700000, 0x00000000e57d2e70, 0x00000000e5800000| 82%| E|  |TAMS 0x00000000e5700000, 0x00000000e5700000| Complete 
|  88|0x00000000e5800000, 0x00000000e5900000, 0x00000000e5900000|100%| E|CS|TAMS 0x00000000e5800000, 0x00000000e5800000| Complete 
|  89|0x00000000e5900000, 0x00000000e5a00000, 0x00000000e5a00000|100%| E|CS|TAMS 0x00000000e5900000, 0x00000000e5900000| Complete 
| 250|0x00000000efa00000, 0x00000000efb00000, 0x00000000efb00000|100%| E|CS|TAMS 0x00000000efa00000, 0x00000000efa00000| Complete 
| 251|0x00000000efb00000, 0x00000000efc00000, 0x00000000efc00000|100%| E|CS|TAMS 0x00000000efb00000, 0x00000000efb00000| Complete 
| 252|0x00000000efc00000, 0x00000000efd00000, 0x00000000efd00000|100%| E|CS|TAMS 0x00000000efc00000, 0x00000000efc00000| Complete 
| 253|0x00000000efd00000, 0x00000000efe00000, 0x00000000efe00000|100%| E|CS|TAMS 0x00000000efd00000, 0x00000000efd00000| Complete 

Card table byte_map: [0x0000021f3bdf0000,0x0000021f3bef0000] _byte_map_base: 0x0000021f3b6f0000

Marking Bits (Prev, Next): (CMBitMap*) 0x0000021f3c109ba0, (CMBitMap*) 0x0000021f3c109b60
 Prev Bits: [0x0000021f470e0000, 0x0000021f478e0000)
 Next Bits: [0x0000021f468e0000, 0x0000021f470e0000)

Polling page: 0x0000021f39f20000

Metaspace:

Usage:
  Non-class:     57.34 MB used.
      Class:      9.25 MB used.
       Both:     66.59 MB used.

Virtual space:
  Non-class space:       64.00 MB reserved,      57.62 MB ( 90%) committed,  8 nodes.
      Class space:        1.00 GB reserved,       9.50 MB ( <1%) committed,  1 nodes.
             Both:        1.06 GB reserved,      67.12 MB (  6%) committed. 

Chunk freelists:
   Non-Class:  2.42 MB
       Class:  2.48 MB
        Both:  4.91 MB

MaxMetaspaceSize: unlimited
CompressedClassSpaceSize: 1.00 GB
Initial GC threshold: 21.00 MB
Current GC threshold: 70.94 MB
CDS: on
MetaspaceReclaimPolicy: balanced
 - commit_granule_bytes: 65536.
 - commit_granule_words: 8192.
 - virtual_space_node_default_size: 1048576.
 - enlarge_chunks_in_place: 1.
 - new_chunks_are_fully_committed: 0.
 - uncommit_free_chunks: 1.
 - use_allocation_guard: 0.
 - handle_deallocations: 1.


Internal statistics:

num_allocs_failed_limit: 11.
num_arena_births: 662.
num_arena_deaths: 0.
num_vsnodes_births: 9.
num_vsnodes_deaths: 0.
num_space_committed: 1074.
num_space_uncommitted: 0.
num_chunks_returned_to_freelist: 11.
num_chunks_taken_from_freelist: 3075.
num_chunk_merges: 11.
num_chunk_splits: 2188.
num_chunks_enlarged: 1638.
num_purges: 0.
num_inconsistent_stats: 0.

CodeCache: size=49152Kb used=14254Kb max_used=15802Kb free=34897Kb
 bounds [0x0000021f438e0000, 0x0000021f44850000, 0x0000021f468e0000]
 total_blobs=8329 nmethods=7660 adapters=595
 compilation: enabled
              stopped_count=0, restarted_count=0
 full_count=0

Compilation events (20 events):
Event: 138.372 Thread 0x0000021f49ea7960 7791       1       java.util.concurrent.locks.LockSupport::parkNanos (29 bytes)
Event: 138.372 Thread 0x0000021f49ea7960 nmethod 7791 0x0000021f43faf390 code [0x0000021f43faf540, 0x0000021f43faf728]
Event: 143.656 Thread 0x0000021f49ea7960 7792       1       org.springframework.boot.devtools.filewatch.FileSystemWatcher$Watcher::isDifferent (105 bytes)
Event: 143.658 Thread 0x0000021f49ea7960 nmethod 7792 0x0000021f43b25690 code [0x0000021f43b258e0, 0x0000021f43b25d08]
Event: 143.658 Thread 0x0000021f49ea7960 7793       1       org.springframework.boot.devtools.filewatch.DirectorySnapshot::equals (46 bytes)
Event: 143.659 Thread 0x0000021f49ea7960 nmethod 7793 0x0000021f43ad6590 code [0x0000021f43ad6760, 0x0000021f43ad6a18]
Event: 143.659 Thread 0x0000021f49ea7960 7794       1       java.util.Collections$UnmodifiableSet::equals (24 bytes)
Event: 143.659 Thread 0x0000021f49ea7960 nmethod 7794 0x0000021f43fbbe10 code [0x0000021f43fbbfa0, 0x0000021f43fbc0c8]
Event: 146.774 Thread 0x0000021f49ea7960 7795       1       java.util.Comparator$$Lambda$1134/0x000000080120cfd0::compare (10 bytes)
Event: 146.775 Thread 0x0000021f49ea7960 nmethod 7795 0x0000021f44023e10 code [0x0000021f44023fc0, 0x0000021f440241b8]
Event: 146.775 Thread 0x0000021f49ea7960 7796       1       java.util.Comparator::lambda$comparingLong$6043328a$1 (18 bytes)
Event: 146.775 Thread 0x0000021f49ea7960 nmethod 7796 0x0000021f44384a90 code [0x0000021f44384c40, 0x0000021f44384df8]
Event: 146.775 Thread 0x0000021f49ea7960 7797       1       org.apache.catalina.valves.ValveBase::getNext (5 bytes)
Event: 146.775 Thread 0x0000021f49ea7960 nmethod 7797 0x0000021f44738290 code [0x0000021f44738420, 0x0000021f447384f8]
Event: 149.373 Thread 0x0000021f49ea7960 7799       1       java.util.concurrent.locks.AbstractQueuedSynchronizer::enqueue (60 bytes)
Event: 149.374 Thread 0x0000021f49ea7960 nmethod 7799 0x0000021f43b78590 code [0x0000021f43b78740, 0x0000021f43b78b48]
Event: 149.374 Thread 0x0000021f49ea7960 7798       1       java.util.concurrent.locks.AbstractQueuedSynchronizer$ConditionObject::doSignal (54 bytes)
Event: 149.375 Thread 0x0000021f49ea7960 nmethod 7798 0x0000021f4423eb90 code [0x0000021f4423ed40, 0x0000021f4423ef88]
Event: 150.373 Thread 0x0000021f49ea7960 7800       1       java.util.concurrent.locks.AbstractQueuedSynchronizer$ConditionObject::awaitNanos (200 bytes)
Event: 150.376 Thread 0x0000021f49ea7960 nmethod 7800 0x0000021f43a10e90 code [0x0000021f43a110c0, 0x0000021f43a119a8]

GC Heap History (20 events):
Event: 4.618 GC heap before
{Heap before GC invocations=17 (full 0):
 garbage-first heap   total 96256K, used 76503K [0x00000000e0000000, 0x0000000100000000)
  region size 1024K, 56 young (57344K), 4 survivors (4096K)
 Metaspace       used 42378K, committed 42752K, reserved 1089536K
  class space    used 5839K, committed 6016K, reserved 1048576K
}
Event: 4.623 GC heap after
{Heap after GC invocations=18 (full 0):
 garbage-first heap   total 96256K, used 24725K [0x00000000e0000000, 0x0000000100000000)
  region size 1024K, 5 young (5120K), 5 survivors (5120K)
 Metaspace       used 42378K, committed 42752K, reserved 1089536K
  class space    used 5839K, committed 6016K, reserved 1048576K
}
Event: 5.091 GC heap before
{Heap before GC invocations=19 (full 0):
 garbage-first heap   total 96256K, used 76949K [0x00000000e0000000, 0x0000000100000000)
  region size 1024K, 56 young (57344K), 5 survivors (5120K)
 Metaspace       used 48403K, committed 48832K, reserved 1097728K
  class space    used 6635K, committed 6848K, reserved 1048576K
}
Event: 5.098 GC heap after
{Heap after GC invocations=20 (full 0):
 garbage-first heap   total 96256K, used 26406K [0x00000000e0000000, 0x0000000100000000)
  region size 1024K, 5 young (5120K), 5 survivors (5120K)
 Metaspace       used 48403K, committed 48832K, reserved 1097728K
  class space    used 6635K, committed 6848K, reserved 1048576K
}
Event: 5.562 GC heap before
{Heap before GC invocations=20 (full 0):
 garbage-first heap   total 96256K, used 78630K [0x00000000e0000000, 0x0000000100000000)
  region size 1024K, 56 young (57344K), 5 survivors (5120K)
 Metaspace       used 52362K, committed 52736K, reserved 1097728K
  class space    used 7302K, committed 7488K, reserved 1048576K
}
Event: 5.569 GC heap after
{Heap after GC invocations=21 (full 0):
 garbage-first heap   total 96256K, used 27265K [0x00000000e0000000, 0x0000000100000000)
  region size 1024K, 4 young (4096K), 4 survivors (4096K)
 Metaspace       used 52362K, committed 52736K, reserved 1097728K
  class space    used 7302K, committed 7488K, reserved 1048576K
}
Event: 6.408 GC heap before
{Heap before GC invocations=21 (full 0):
 garbage-first heap   total 96256K, used 79489K [0x00000000e0000000, 0x0000000100000000)
  region size 1024K, 55 young (56320K), 4 survivors (4096K)
 Metaspace       used 56687K, committed 57088K, reserved 1105920K
  class space    used 7882K, committed 8064K, reserved 1048576K
}
Event: 6.415 GC heap after
{Heap after GC invocations=22 (full 0):
 garbage-first heap   total 96256K, used 28721K [0x00000000e0000000, 0x0000000100000000)
  region size 1024K, 4 young (4096K), 4 survivors (4096K)
 Metaspace       used 56687K, committed 57088K, reserved 1105920K
  class space    used 7882K, committed 8064K, reserved 1048576K
}
Event: 6.803 GC heap before
{Heap before GC invocations=22 (full 0):
 garbage-first heap   total 96256K, used 79921K [0x00000000e0000000, 0x0000000100000000)
  region size 1024K, 54 young (55296K), 4 survivors (4096K)
 Metaspace       used 58968K, committed 59328K, reserved 1105920K
  class space    used 8217K, committed 8384K, reserved 1048576K
}
Event: 6.810 GC heap after
{Heap after GC invocations=23 (full 0):
 garbage-first heap   total 96256K, used 30052K [0x00000000e0000000, 0x0000000100000000)
  region size 1024K, 4 young (4096K), 4 survivors (4096K)
 Metaspace       used 58968K, committed 59328K, reserved 1105920K
  class space    used 8217K, committed 8384K, reserved 1048576K
}
Event: 7.180 GC heap before
{Heap before GC invocations=23 (full 0):
 garbage-first heap   total 96256K, used 80228K [0x00000000e0000000, 0x0000000100000000)
  region size 1024K, 53 young (54272K), 4 survivors (4096K)
 Metaspace       used 59749K, committed 60160K, reserved 1105920K
  class space    used 8326K, committed 8512K, reserved 1048576K
}
Event: 7.186 GC heap after
{Heap after GC invocations=24 (full 0):
 garbage-first heap   total 96256K, used 31634K [0x00000000e0000000, 0x0000000100000000)
  region size 1024K, 5 young (5120K), 5 survivors (5120K)
 Metaspace       used 59749K, committed 60160K, reserved 1105920K
  class space    used 8326K, committed 8512K, reserved 1048576K
}
Event: 7.500 GC heap before
{Heap before GC invocations=24 (full 0):
 garbage-first heap   total 96256K, used 79762K [0x00000000e0000000, 0x0000000100000000)
  region size 1024K, 52 young (53248K), 5 survivors (5120K)
 Metaspace       used 60518K, committed 60928K, reserved 1105920K
  class space    used 8415K, committed 8640K, reserved 1048576K
}
Event: 7.507 GC heap after
{Heap after GC invocations=25 (full 0):
 garbage-first heap   total 96256K, used 32809K [0x00000000e0000000, 0x0000000100000000)
  region size 1024K, 5 young (5120K), 5 survivors (5120K)
 Metaspace       used 60518K, committed 60928K, reserved 1105920K
  class space    used 8415K, committed 8640K, reserved 1048576K
}
Event: 7.985 GC heap before
{Heap before GC invocations=25 (full 0):
 garbage-first heap   total 96256K, used 78889K [0x00000000e0000000, 0x0000000100000000)
  region size 1024K, 50 young (51200K), 5 survivors (5120K)
 Metaspace       used 62984K, committed 63360K, reserved 1105920K
  class space    used 8783K, committed 8960K, reserved 1048576K
}
Event: 7.993 GC heap after
{Heap after GC invocations=26 (full 0):
 garbage-first heap   total 96256K, used 34904K [0x00000000e0000000, 0x0000000100000000)
  region size 1024K, 5 young (5120K), 5 survivors (5120K)
 Metaspace       used 62984K, committed 63360K, reserved 1105920K
  class space    used 8783K, committed 8960K, reserved 1048576K
}
Event: 13.164 GC heap before
{Heap before GC invocations=26 (full 0):
 garbage-first heap   total 96256K, used 79960K [0x00000000e0000000, 0x0000000100000000)
  region size 1024K, 49 young (50176K), 5 survivors (5120K)
 Metaspace       used 65322K, committed 65792K, reserved 1105920K
  class space    used 9125K, committed 9344K, reserved 1048576K
}
Event: 13.175 GC heap after
{Heap after GC invocations=27 (full 0):
 garbage-first heap   total 96256K, used 36687K [0x00000000e0000000, 0x0000000100000000)
  region size 1024K, 6 young (6144K), 6 survivors (6144K)
 Metaspace       used 65322K, committed 65792K, reserved 1105920K
  class space    used 9125K, committed 9344K, reserved 1048576K
}
Event: 114.615 GC heap before
{Heap before GC invocations=27 (full 0):
 garbage-first heap   total 96256K, used 76623K [0x00000000e0000000, 0x0000000100000000)
  region size 1024K, 46 young (47104K), 6 survivors (6144K)
 Metaspace       used 68183K, committed 68736K, reserved 1114112K
  class space    used 9475K, committed 9728K, reserved 1048576K
}
Event: 114.626 GC heap after
{Heap after GC invocations=28 (full 0):
 garbage-first heap   total 96256K, used 37524K [0x00000000e0000000, 0x0000000100000000)
  region size 1024K, 3 young (3072K), 3 survivors (3072K)
 Metaspace       used 68183K, committed 68736K, reserved 1114112K
  class space    used 9475K, committed 9728K, reserved 1048576K
}

Deoptimization events (20 events):
Event: 98.400 Thread 0x0000021f4f130210 DEOPT PACKING pc=0x0000021f43feb7bc sp=0x0000003fb27fd560
Event: 98.400 Thread 0x0000021f4f130210 DEOPT UNPACKING pc=0x0000021f43932b43 sp=0x0000003fb27fcb30 mode 1
Event: 98.401 Thread 0x0000021f4f130210 DEOPT PACKING pc=0x0000021f43fed62c sp=0x0000003fb27fd320
Event: 98.401 Thread 0x0000021f4f130210 DEOPT UNPACKING pc=0x0000021f43932b43 sp=0x0000003fb27fc858 mode 1
Event: 98.401 Thread 0x0000021f4f130210 DEOPT PACKING pc=0x0000021f43fee55c sp=0x0000003fb27fd410
Event: 98.401 Thread 0x0000021f4f130210 DEOPT UNPACKING pc=0x0000021f43932b43 sp=0x0000003fb27fc9a8 mode 1
Event: 98.401 Thread 0x0000021f4f130210 DEOPT PACKING pc=0x0000021f43feb7bc sp=0x0000003fb27fd560
Event: 98.401 Thread 0x0000021f4f130210 DEOPT UNPACKING pc=0x0000021f43932b43 sp=0x0000003fb27fcb30 mode 1
Event: 98.401 Thread 0x0000021f4f130210 DEOPT PACKING pc=0x0000021f43fed62c sp=0x0000003fb27fd320
Event: 98.401 Thread 0x0000021f4f130210 DEOPT UNPACKING pc=0x0000021f43932b43 sp=0x0000003fb27fc858 mode 1
Event: 98.401 Thread 0x0000021f4f130210 DEOPT PACKING pc=0x0000021f43fee55c sp=0x0000003fb27fd410
Event: 98.401 Thread 0x0000021f4f130210 DEOPT UNPACKING pc=0x0000021f43932b43 sp=0x0000003fb27fc9a8 mode 1
Event: 98.401 Thread 0x0000021f4f130210 DEOPT PACKING pc=0x0000021f43feb7bc sp=0x0000003fb27fd560
Event: 98.401 Thread 0x0000021f4f130210 DEOPT UNPACKING pc=0x0000021f43932b43 sp=0x0000003fb27fcb30 mode 1
Event: 98.401 Thread 0x0000021f4f130210 DEOPT PACKING pc=0x0000021f43fed62c sp=0x0000003fb27fd320
Event: 98.401 Thread 0x0000021f4f130210 DEOPT UNPACKING pc=0x0000021f43932b43 sp=0x0000003fb27fc858 mode 1
Event: 98.401 Thread 0x0000021f4f130210 DEOPT PACKING pc=0x0000021f43fee55c sp=0x0000003fb27fd410
Event: 98.401 Thread 0x0000021f4f130210 DEOPT UNPACKING pc=0x0000021f43932b43 sp=0x0000003fb27fc9a8 mode 1
Event: 98.401 Thread 0x0000021f4f130210 DEOPT PACKING pc=0x0000021f43feb7bc sp=0x0000003fb27fd560
Event: 98.401 Thread 0x0000021f4f130210 DEOPT UNPACKING pc=0x0000021f43932b43 sp=0x0000003fb27fcb30 mode 1

Classes unloaded (0 events):
No events

Classes redefined (2 events):
Event: 164.011 Thread 0x0000021f49e88990 redefined class name=com.ecommarce.api.dao.BookingProductDao$1, count=1
Event: 164.011 Thread 0x0000021f49e88990 redefined class name=com.ecommarce.api.dao.BookingProductDao, count=1

Internal exceptions (20 events):
Event: 7.585 Thread 0x0000021f4b78b8f0 Exception <a 'java/lang/ClassNotFoundException'{0x00000000e5598e70}: org/springframework/beans/factory/AwareCustomizer> (0x00000000e5598e70) 
thrown [t:\workspace\open\src\hotspot\share\classfile\systemDictionary.cpp, line 256]
Event: 7.585 Thread 0x0000021f4b78b8f0 Exception <a 'java/lang/ClassNotFoundException'{0x00000000e559f7d0}: org/springframework/context/ApplicationContextAwareCustomizer> (0x00000000e559f7d0) 
thrown [t:\workspace\open\src\hotspot\share\classfile\systemDictionary.cpp, line 256]
Event: 7.586 Thread 0x0000021f4b78b8f0 Exception <a 'java/lang/ClassNotFoundException'{0x00000000e55a7788}: org/springframework/beans/factory/AwareCustomizer> (0x00000000e55a7788) 
thrown [t:\workspace\open\src\hotspot\share\classfile\systemDictionary.cpp, line 256]
Event: 7.587 Thread 0x0000021f4b78b8f0 Exception <a 'java/lang/ClassNotFoundException'{0x00000000e55ae0c0}: org/springframework/web/context/ServletContextAwareCustomizer> (0x00000000e55ae0c0) 
thrown [t:\workspace\open\src\hotspot\share\classfile\systemDictionary.cpp, line 256]
Event: 7.587 Thread 0x0000021f4b78b8f0 Exception <a 'java/lang/ClassNotFoundException'{0x00000000e55b59c0}: org/springframework/beans/factory/AwareCustomizer> (0x00000000e55b59c0) 
thrown [t:\workspace\open\src\hotspot\share\classfile\systemDictionary.cpp, line 256]
Event: 7.639 Thread 0x0000021f4b7e6590 Exception <a 'java/lang/reflect/InvocationTargetException'{0x00000000e5082758}> (0x00000000e5082758) 
thrown [t:\workspace\open\src\hotspot\share\runtime\reflection.cpp, line 1121]
Event: 7.845 Thread 0x0000021f4b78b8f0 Exception <a 'java/lang/IncompatibleClassChangeError'{0x00000000e3fd3b20}: Found class java.lang.Object, but interface was expected> (0x00000000e3fd3b20) 
thrown [t:\workspace\open\src\hotspot\share\interpreter\linkResolver.cpp, line 833]
Event: 7.938 Thread 0x0000021f4b78b8f0 Exception <a 'java/lang/NoSuchMethodError'{0x00000000e35b49f8}: 'java.lang.Object java.lang.invoke.DirectMethodHandle$Holder.invokeInterface(java.lang.Object, java.lang.Object, java.lang.Object, java.lang.Object)'> (0x00000000e35b49f8) 
thrown [t:\workspace\open\src\hotspot\share\interpreter\linkResolver.cpp, line 766]
Event: 8.185 Thread 0x0000021f4b78b8f0 Exception <a 'java/lang/NoSuchMethodError'{0x00000000e49835e0}: 'java.lang.Object java.lang.invoke.DirectMethodHandle$Holder.invokeSpecial(java.lang.Object, java.lang.Object, java.lang.Object, java.lang.Object, int, int)'> (0x00000000e49835e0) 
thrown [t:\workspace\open\src\hotspot\share\interpreter\linkResolver.cpp, line 766]
Event: 8.191 Thread 0x0000021f4b78b8f0 Exception <a 'java/lang/IncompatibleClassChangeError'{0x00000000e49eed78}: Found class java.lang.Object, but interface was expected> (0x00000000e49eed78) 
thrown [t:\workspace\open\src\hotspot\share\interpreter\linkResolver.cpp, line 833]
Event: 8.245 Thread 0x0000021f4b78b8f0 Exception <a 'java/lang/ClassNotFoundException'{0x00000000e424f8a0}: java/lang/ObjectCustomizer> (0x00000000e424f8a0) 
thrown [t:\workspace\open\src\hotspot\share\classfile\systemDictionary.cpp, line 256]
Event: 8.246 Thread 0x0000021f4b78b8f0 Exception <a 'java/lang/ClassNotFoundException'{0x00000000e4258be0}: com/ecommarce/api/entity/SizeMasterTableCustomizer> (0x00000000e4258be0) 
thrown [t:\workspace\open\src\hotspot\share\classfile\systemDictionary.cpp, line 256]
Event: 8.336 Thread 0x0000021f4b78b8f0 Exception <a 'java/lang/NoSuchMethodError'{0x00000000e3ad5170}: 'java.lang.Object java.lang.invoke.DirectMethodHandle$Holder.invokeSpecial(java.lang.Object, java.lang.Object, int, java.lang.Object, int, java.lang.Object)'> (0x00000000e3ad5170) 
thrown [t:\workspace\open\src\hotspot\share\interpreter\linkResolver.cpp, line 766]
Event: 8.336 Thread 0x0000021f4b78b8f0 Exception <a 'java/lang/NoSuchMethodError'{0x00000000e3add218}: 'java.lang.Object java.lang.invoke.DirectMethodHandle$Holder.newInvokeSpecial(java.lang.Object, java.lang.Object, int, java.lang.Object, int)'> (0x00000000e3add218) 
thrown [t:\workspace\open\src\hotspot\share\interpreter\linkResolver.cpp, line 766]
Event: 8.336 Thread 0x0000021f4b78b8f0 Exception <a 'java/lang/NoSuchMethodError'{0x00000000e3ae1318}: 'java.lang.Object java.lang.invoke.DirectMethodHandle$Holder.invokeSpecial(java.lang.Object, java.lang.Object, java.lang.Object, int, java.lang.Object, int)'> (0x00000000e3ae1318) 
thrown [t:\workspace\open\src\hotspot\share\interpreter\linkResolver.cpp, line 766]
Event: 8.339 Thread 0x0000021f4b78b8f0 Exception <a 'java/lang/NoSuchMethodError'{0x00000000e3af12d8}: 'void java.lang.invoke.DirectMethodHandle$Holder.invokeVirtual(java.lang.Object, java.lang.Object)'> (0x00000000e3af12d8) 
thrown [t:\workspace\open\src\hotspot\share\interpreter\linkResolver.cpp, line 766]
Event: 63.279 Thread 0x0000021f4f130210 Exception <a 'java/lang/ClassNotFoundException'{0x00000000e46d6f98}: java/lang/ObjectCustomizer> (0x00000000e46d6f98) 
thrown [t:\workspace\open\src\hotspot\share\classfile\systemDictionary.cpp, line 256]
Event: 63.330 Thread 0x0000021f4f130210 Exception <a 'java/lang/ClassNotFoundException'{0x00000000e46e4ac8}: org/springframework/jdbc/support/SQLErrorCodesCustomizer> (0x00000000e46e4ac8) 
thrown [t:\workspace\open\src\hotspot\share\classfile\systemDictionary.cpp, line 256]
Event: 90.907 Thread 0x0000021f4f130210 Exception <a 'java/lang/reflect/InvocationTargetException'{0x00000000e4311938}> (0x00000000e4311938) 
thrown [t:\workspace\open\src\hotspot\share\runtime\reflection.cpp, line 1121]
Event: 98.391 Thread 0x0000021f4f130210 Exception <a 'java/lang/NoClassDefFoundError'{0x00000000e3f8e5b0}: sun/reflect/Reflection> (0x00000000e3f8e5b0) 
thrown [t:\workspace\open\src\hotspot\share\classfile\systemDictionary.cpp, line 245]

VM Operations (20 events):
Event: 98.424 Executing VM operation: HandshakeAllThreads
Event: 98.424 Executing VM operation: HandshakeAllThreads done
Event: 98.482 Executing VM operation: HandshakeAllThreads
Event: 98.482 Executing VM operation: HandshakeAllThreads done
Event: 98.482 Executing VM operation: Cleanup
Event: 98.483 Executing VM operation: Cleanup done
Event: 98.483 Executing VM operation: HandshakeAllThreads
Event: 98.483 Executing VM operation: HandshakeAllThreads done
Event: 99.497 Executing VM operation: Cleanup
Event: 99.497 Executing VM operation: Cleanup done
Event: 114.615 Executing VM operation: G1CollectForAllocation
Event: 114.626 Executing VM operation: G1CollectForAllocation done
Event: 114.626 Executing VM operation: Cleanup
Event: 114.626 Executing VM operation: Cleanup done
Event: 164.000 Executing VM operation: RedefineClasses
Event: 164.034 Executing VM operation: RedefineClasses done
Event: 164.055 Executing VM operation: ChangeBreakpoints
Event: 164.057 Executing VM operation: ChangeBreakpoints done
Event: 164.083 Executing VM operation: ChangeBreakpoints
Event: 164.085 Executing VM operation: ChangeBreakpoints done

Events (20 events):
Event: 98.489 Thread 0x0000021f49eda920 flushing nmethod 0x0000021f44389f90
Event: 98.489 Thread 0x0000021f49eda920 flushing nmethod 0x0000021f44397690
Event: 98.489 Thread 0x0000021f49eda920 flushing nmethod 0x0000021f443f7910
Event: 98.489 Thread 0x0000021f49eda920 flushing nmethod 0x0000021f44410e90
Event: 98.489 Thread 0x0000021f49eda920 flushing nmethod 0x0000021f44416990
Event: 98.489 Thread 0x0000021f49eda920 flushing nmethod 0x0000021f44432e90
Event: 98.490 Thread 0x0000021f49eda920 flushing nmethod 0x0000021f444dbe10
Event: 98.490 Thread 0x0000021f49eda920 flushing nmethod 0x0000021f4453d310
Event: 98.491 Thread 0x0000021f49eda920 flushing nmethod 0x0000021f4462d890
Event: 98.491 Thread 0x0000021f49eda920 flushing nmethod 0x0000021f446d4810
Event: 98.491 Thread 0x0000021f49eda920 flushing nmethod 0x0000021f446ebf10
Event: 98.491 Thread 0x0000021f49eda920 flushing nmethod 0x0000021f44706690
Event: 98.491 Thread 0x0000021f49eda920 flushing nmethod 0x0000021f4470c690
Event: 98.492 Thread 0x0000021f49eda920 flushing nmethod 0x0000021f44738290
Event: 98.492 Thread 0x0000021f49eda920 flushing nmethod 0x0000021f4475b210
Event: 98.492 Thread 0x0000021f49eda920 flushing nmethod 0x0000021f4478c590
Event: 98.492 Thread 0x0000021f49eda920 flushing nmethod 0x0000021f447c8e90
Event: 98.492 Thread 0x0000021f49eda920 flushing nmethod 0x0000021f447ce790
Event: 98.492 Thread 0x0000021f49eda920 flushing nmethod 0x0000021f447d8e90
Event: 98.492 Thread 0x0000021f49eda920 flushing nmethod 0x0000021f447eb990


Dynamic libraries:
0x00007ff7e79a0000 - 0x00007ff7e79b0000 	C:\Program Files\Java\jdk-17\bin\javaw.exe
0x00007ffeb3af0000 - 0x00007ffeb3ce8000 	C:\Windows\SYSTEM32\ntdll.dll
0x00007ffeb2800000 - 0x00007ffeb28bf000 	C:\Windows\System32\KERNEL32.DLL
0x00007ffeb1560000 - 0x00007ffeb1856000 	C:\Windows\System32\KERNELBASE.dll
0x00007ffeb11d0000 - 0x00007ffeb12d0000 	C:\Windows\System32\ucrtbase.dll
0x00007ffe92f80000 - 0x00007ffe92f98000 	C:\Program Files\Java\jdk-17\bin\jli.dll
0x00007ffeb1b50000 - 0x00007ffeb1bff000 	C:\Windows\System32\ADVAPI32.dll
0x00007ffeb3900000 - 0x00007ffeb399e000 	C:\Windows\System32\msvcrt.dll
0x00007ffeb36a0000 - 0x00007ffeb373c000 	C:\Windows\System32\sechost.dll
0x00007ffeb2920000 - 0x00007ffeb2a46000 	C:\Windows\System32\RPCRT4.dll
0x00007ffeb1c00000 - 0x00007ffeb1d9d000 	C:\Windows\System32\USER32.dll
0x00007ffeb1900000 - 0x00007ffeb1922000 	C:\Windows\System32\win32u.dll
0x00007ffeb3650000 - 0x00007ffeb367c000 	C:\Windows\System32\GDI32.dll
0x00007ffeb12d0000 - 0x00007ffeb13e5000 	C:\Windows\System32\gdi32full.dll
0x00007ffeb1860000 - 0x00007ffeb18fd000 	C:\Windows\System32\msvcp_win.dll
0x00007ffe8c980000 - 0x00007ffe8c99a000 	C:\Program Files\Java\jdk-17\bin\VCRUNTIME140.dll
0x00007ffe84b40000 - 0x00007ffe84dda000 	C:\Windows\WinSxS\amd64_microsoft.windows.common-controls_6595b64144ccf1df_6.0.19041.1110_none_60b5254171f9507e\COMCTL32.dll
0x00007ffea97c0000 - 0x00007ffea97ca000 	C:\Windows\SYSTEM32\VERSION.dll
0x00007ffeb27d0000 - 0x00007ffeb2800000 	C:\Windows\System32\IMM32.DLL
0x00007ffea6110000 - 0x00007ffea611c000 	C:\Program Files\Java\jdk-17\bin\vcruntime140_1.dll
0x00007ffe8c8f0000 - 0x00007ffe8c97d000 	C:\Program Files\Java\jdk-17\bin\msvcp140.dll
0x00007ffe4fe00000 - 0x00007ffe509be000 	C:\Program Files\Java\jdk-17\bin\server\jvm.dll
0x00007ffeb35c0000 - 0x00007ffeb35c8000 	C:\Windows\System32\PSAPI.DLL
0x00007ffeac380000 - 0x00007ffeac389000 	C:\Windows\SYSTEM32\WSOCK32.dll
0x00007ffe98680000 - 0x00007ffe986a7000 	C:\Windows\SYSTEM32\WINMM.dll
0x00007ffeb3550000 - 0x00007ffeb35bb000 	C:\Windows\System32\WS2_32.dll
0x00007ffeaf0a0000 - 0x00007ffeaf0b2000 	C:\Windows\SYSTEM32\kernel.appcore.dll
0x00007ffea60b0000 - 0x00007ffea60ba000 	C:\Program Files\Java\jdk-17\bin\jimage.dll
0x00007ffea28f0000 - 0x00007ffea2ad4000 	C:\Windows\SYSTEM32\DBGHELP.DLL
0x00007ffea2880000 - 0x00007ffea28b4000 	C:\Windows\SYSTEM32\dbgcore.DLL
0x00007ffeb1420000 - 0x00007ffeb14a2000 	C:\Windows\System32\bcryptPrimitives.dll
0x00007ffea1620000 - 0x00007ffea165b000 	C:\Program Files\Java\jdk-17\bin\jdwp.dll
0x00007ffea60a0000 - 0x00007ffea60ae000 	C:\Program Files\Java\jdk-17\bin\instrument.dll
0x00007ffe91f40000 - 0x00007ffe91f65000 	C:\Program Files\Java\jdk-17\bin\java.dll
0x00007ffe91e60000 - 0x00007ffe91f36000 	C:\Program Files\Java\jdk-17\bin\svml.dll
0x00007ffeb1da0000 - 0x00007ffeb24e4000 	C:\Windows\System32\SHELL32.dll
0x00007ffeaf2a0000 - 0x00007ffeafa34000 	C:\Windows\SYSTEM32\windows.storage.dll
0x00007ffeb2f20000 - 0x00007ffeb3274000 	C:\Windows\System32\combase.dll
0x00007ffeb0c10000 - 0x00007ffeb0c3e000 	C:\Windows\SYSTEM32\Wldp.dll
0x00007ffeb39a0000 - 0x00007ffeb3a4d000 	C:\Windows\System32\SHCORE.dll
0x00007ffeb2a50000 - 0x00007ffeb2aa5000 	C:\Windows\System32\shlwapi.dll
0x00007ffeb1100000 - 0x00007ffeb1125000 	C:\Windows\SYSTEM32\profapi.dll
0x00007ffea6a10000 - 0x00007ffea6a1c000 	C:\Program Files\Java\jdk-17\bin\dt_socket.dll
0x00007ffeb05f0000 - 0x00007ffeb062c000 	C:\Windows\SYSTEM32\IPHLPAPI.DLL
0x00007ffeb0970000 - 0x00007ffeb09da000 	C:\Windows\system32\mswsock.dll
0x00007ffeb0630000 - 0x00007ffeb06fa000 	C:\Windows\SYSTEM32\DNSAPI.dll
0x00007ffeb3860000 - 0x00007ffeb3868000 	C:\Windows\System32\NSI.dll
0x00007ffea64d0000 - 0x00007ffea64da000 	C:\Windows\System32\rasadhlp.dll
0x00007ffea6d70000 - 0x00007ffea6df2000 	C:\Windows\System32\fwpuclnt.dll
0x00007ffeb13f0000 - 0x00007ffeb1417000 	C:\Windows\System32\bcrypt.dll
0x00007ffe91e40000 - 0x00007ffe91e58000 	C:\Program Files\Java\jdk-17\bin\zip.dll
0x00007ffe91e20000 - 0x00007ffe91e39000 	C:\Program Files\Java\jdk-17\bin\net.dll
0x00007ffea76e0000 - 0x00007ffea77ea000 	C:\Windows\SYSTEM32\WINHTTP.dll
0x00007ffe917f0000 - 0x00007ffe91805000 	C:\Program Files\Java\jdk-17\bin\nio.dll
0x00007ffe8e210000 - 0x00007ffe8e219000 	C:\Program Files\Java\jdk-17\bin\management.dll
0x00007ffe8c8d0000 - 0x00007ffe8c8db000 	C:\Program Files\Java\jdk-17\bin\management_ext.dll
0x00007ffea0730000 - 0x00007ffea0747000 	C:\Windows\system32\napinsp.dll
0x00007ffea0710000 - 0x00007ffea072b000 	C:\Windows\system32\pnrpnsp.dll
0x00007ffea06f0000 - 0x00007ffea0705000 	C:\Windows\system32\wshbth.dll
0x00007ffeacb60000 - 0x00007ffeacb7d000 	C:\Windows\system32\NLAapi.dll
0x00007ffea06d0000 - 0x00007ffea06e2000 	C:\Windows\System32\winrnr.dll
0x00007ffeb0b60000 - 0x00007ffeb0b78000 	C:\Windows\SYSTEM32\CRYPTSP.dll
0x00007ffeb0220000 - 0x00007ffeb0254000 	C:\Windows\system32\rsaenh.dll
0x00007ffeb1080000 - 0x00007ffeb10ae000 	C:\Windows\SYSTEM32\USERENV.dll
0x00007ffeb0b80000 - 0x00007ffeb0b8c000 	C:\Windows\SYSTEM32\CRYPTBASE.dll
0x00007ffea99d0000 - 0x00007ffea99e7000 	C:\Windows\SYSTEM32\dhcpcsvc6.DLL
0x00007ffea99b0000 - 0x00007ffea99cd000 	C:\Windows\SYSTEM32\dhcpcsvc.DLL
0x00007ffe90f50000 - 0x00007ffe90f60000 	C:\Program Files\Java\jdk-17\bin\verify.dll
0x0000000180000000 - 0x0000000180286000 	C:\Program Files\Java\jre1.8.0_171\bin\tcnative-1.dll
0x00007ffeb19a0000 - 0x00007ffeb1afe000 	C:\Windows\System32\CRYPT32.dll
0x00007ffe90ec0000 - 0x00007ffe90ece000 	C:\Program Files\Java\jdk-17\bin\sunmscapi.dll
0x00007ffeb0c80000 - 0x00007ffeb0ca8000 	C:\Windows\SYSTEM32\ncrypt.dll
0x00007ffeb0c40000 - 0x00007ffeb0c7b000 	C:\Windows\SYSTEM32\NTASN1.dll
0x00007ffe92ae0000 - 0x00007ffe92ae7000 	C:\Windows\system32\wshunix.dll

dbghelp: loaded successfully - version: 4.0.5 - missing functions: none
symbol engine: initialized successfully - sym options: 0x614 - pdb path: .;C:\Program Files\Java\jdk-17\bin;C:\Windows\SYSTEM32;C:\Windows\WinSxS\amd64_microsoft.windows.common-controls_6595b64144ccf1df_6.0.19041.1110_none_60b5254171f9507e;C:\Program Files\Java\jdk-17\bin\server;C:\Program Files\Java\jre1.8.0_171\bin

VM Arguments:
jvm_args: -XX:+ShowCodeDetailsInExceptionMessages -agentlib:jdwp=transport=dt_socket,suspend=y,address=localhost:57220 -Dcom.sun.management.jmxremote -Dcom.sun.management.jmxremote.port=57219 -Dcom.sun.management.jmxremote.authenticate=false -Dcom.sun.management.jmxremote.ssl=false -Djava.rmi.server.hostname=localhost -Dspring.jmx.enabled=true -Dmanagement.endpoints.jmx.exposure.include=* -Dspring.application.admin.enabled=true -XX:TieredStopAtLevel=1 -Dspring.boot.project.name=EcommarceApi -javaagent:C:\Users\PRECISE\eclipse\jee-2023-03\eclipse\configuration\org.eclipse.osgi\1317\0\.cp\lib\javaagent-shaded.jar -Dfile.encoding=UTF-8 -Xmx512M 
java_command: com.ecommarce.api.EcommarceApiApplication --spring.output.ansi.enabled=always
java_class_path (initial): D:\EcommarceApi\EcommarceApi\target\classes;C:\Users\PRECISE\.m2\repository\org\springframework\boot\spring-boot-starter-data-jpa\2.7.11\spring-boot-starter-data-jpa-2.7.11.jar;C:\Users\PRECISE\.m2\repository\org\springframework\boot\spring-boot-starter-aop\2.7.11\spring-boot-starter-aop-2.7.11.jar;C:\Users\PRECISE\.m2\repository\org\aspectj\aspectjweaver\1.9.7\aspectjweaver-1.9.7.jar;C:\Users\PRECISE\.m2\repository\org\springframework\boot\spring-boot-starter-jdbc\2.7.11\spring-boot-starter-jdbc-2.7.11.jar;C:\Users\PRECISE\.m2\repository\com\zaxxer\HikariCP\4.0.3\HikariCP-4.0.3.jar;C:\Users\PRECISE\.m2\repository\org\springframework\spring-jdbc\5.3.27\spring-jdbc-5.3.27.jar;C:\Users\PRECISE\.m2\repository\jakarta\transaction\jakarta.transaction-api\1.3.3\jakarta.transaction-api-1.3.3.jar;C:\Users\PRECISE\.m2\repository\jakarta\persistence\jakarta.persistence-api\2.2.3\jakarta.persistence-api-2.2.3.jar;C:\Users\PRECISE\.m2\repository\org\hibernate\hibernate-core\5.6.15.Final\hibernate-core-5.6.15.Final.jar;C:\Users\PRECISE\.m2\repository\net\bytebuddy\byte-buddy\1.12.23\byte-buddy-1.12.23.jar;C:\Users\PRECISE\.m2\repository\antlr\antlr\2.7.7\antlr-2.7.7.jar;C:\Users\PRECISE\.m2\repository\org\jboss\jandex\2.4.2.Final\jandex-2.4.2.Final.jar;C:\Users\PRECISE\.m2\repository\org\hibernate\common\hibernate-commons-annotations\5.1.2.Final\hibernate-commons-annotations-5.1.2.Final.jar;C:\Users\PRECISE\.m2\repository\org\glassfish\jaxb\jaxb-runtime\2.3.8\jaxb-runtime-2.3.8.jar;C:\Users\PRECISE\.m2\repository\org\glassfish\jaxb\txw2\2.3.8\txw2-2.3.8.jar;C:\Users\PRECISE\.m2\repository\com\sun\istack\istack-commons-runtime\3.0.12\istack-commons-runtime-3.0.12.jar;C:\Users\PRECISE\.m2\repository\org\springframework\data\spring-data-jpa\2.7.11\spring-data-jpa-2.7.11.jar;C:\Users\PRECISE\.m2\repository\org\springframework\data\spring-data-commons\2.7.11\spring-data-commons-2.7.11.jar;C:\Users\PRECISE\.m2\repository\org\springframework\spring-orm\5.3.
Launcher Type: SUN_STANDARD

[Global flags]
     intx CICompilerCount                          = 3                                         {product} {ergonomic}
     uint ConcGCThreads                            = 1                                         {product} {ergonomic}
     uint G1ConcRefinementThreads                  = 4                                         {product} {ergonomic}
   size_t G1HeapRegionSize                         = 1048576                                   {product} {ergonomic}
    uintx GCDrainStackTargetSize                   = 64                                        {product} {ergonomic}
   size_t InitialHeapSize                          = 266338304                                 {product} {ergonomic}
     bool ManagementServer                         = true                                      {product} {command line}
   size_t MarkStackSize                            = 4194304                                   {product} {ergonomic}
   size_t MaxHeapSize                              = 536870912                                 {product} {command line}
   size_t MaxNewSize                               = 321912832                                 {product} {ergonomic}
   size_t MinHeapDeltaBytes                        = 1048576                                   {product} {ergonomic}
   size_t MinHeapSize                              = 8388608                                   {product} {ergonomic}
    uintx NonProfiledCodeHeapSize                  = 0                                      {pd product} {ergonomic}
     bool ProfileInterpreter                       = false                                  {pd product} {command line}
    uintx ProfiledCodeHeapSize                     = 0                                      {pd product} {ergonomic}
     bool ShowCodeDetailsInExceptionMessages       = true                                   {manageable} {command line}
   size_t SoftMaxHeapSize                          = 536870912                              {manageable} {ergonomic}
     intx TieredStopAtLevel                        = 1                                         {product} {command line}
     bool UseCompressedClassPointers               = true                           {product lp64_product} {ergonomic}
     bool UseCompressedOops                        = true                           {product lp64_product} {ergonomic}
     bool UseG1GC                                  = true                                      {product} {ergonomic}
     bool UseLargePagesIndividualAllocation        = false                                  {pd product} {ergonomic}

Logging:
Log output configuration:
 #0: stdout all=warning uptime,level,tags
 #1: stderr all=off uptime,level,tags

Environment Variables:
JAVA_HOME=C:\Program Files\Java\jdk-17\bin
_JAVA_OPTIONS=-Xmx512M
PATH=C:/Program Files/Java/jdk-17/bin/server;C:/Program Files/Java/jdk-17/bin;C:\Program Files\Common Files\Oracle\Java\javapath;C:\Program Files (x86)\Common Files\Oracle\Java\javapath;C:\Windows\system32;C:\Windows;C:\Windows\System32\Wbem;C:\Windows\System32\WindowsPowerShell\v1.0\;C:\Windows\System32\OpenSSH\;C:\php;C:\composer;C:\Program Files\Microsoft SQL Server\Client SDK\ODBC\130\Tools\Binn\;C:\Program Files (x86)\Microsoft SQL Server\140\Tools\Binn\;C:\Program Files\Microsoft SQL Server\140\Tools\Binn\;C:\Program Files\Microsoft SQL Server\140\DTS\Binn\;C:\Program Files (x86)\Microsoft SQL Server\150\DTS\Binn\;C:\Program Files\Azure Data Studio\bin;"C:\Program Files\Java\jdk-17\bin\bin;";"C:\Program Files\Java\jdk-17\bin;";C:\Program Files\nodejs\;C:\ProgramData\chocolatey\bin;C:\Program Files\Java\jre1.8.0_171\bin;C:\Program Files\Apache Software Foundation\Tomcat 9.0\bin;C:\Program Files\Java\jdk-17\lib;C:\Program Files\MySQL\MySQL Shell 8.0\bin\;C:\Program Files\Java\jdk1.8.0_171\bin;C:\Program Files\Java\jre1.8.0_171\lib\rt.jar;C:\Users\PRECISE\AppData\Local\Programs\EmEditor;C:\Users\PRECISE\AppData\Roaming\npm;C:\Program Files\Java\jre1.8.0_171\bin;C:\Program Files\Apache Software Foundation\Tomcat 9.0\bin;C:\Program Files\Java\jdk-17\bin;C:\Program Files\JetBrains\IntelliJ IDEA 2023.1.4\bin;;;C:\Users\PRECISE\Desktop;
USERNAME=PRECISE
OS=Windows_NT
PROCESSOR_IDENTIFIER=Intel64 Family 6 Model 60 Stepping 3, GenuineIntel



---------------  S Y S T E M  ---------------

OS:
 Windows 10 , 64 bit Build 19041 (10.0.19041.3155)
OS uptime: 0 days 3:59 hours

CPU: total 4 (initial active 4) (2 cores per cpu, 2 threads per core) family 6 model 60 stepping 3 microcode 0x27, cx8, cmov, fxsr, ht, mmx, sse, sse2, sse3, ssse3, sse4.1, sse4.2, popcnt, lzcnt, tsc, tscinvbit, avx, avx2, aes, erms, clmul, bmi1, bmi2, fma, vzeroupper, clflush

Memory: 4k page, system-wide physical 16251M (8188M free)
TotalPageFile size 18683M (AvailPageFile size 8175M)
current process WorkingSet (physical memory assigned to process): 254M, peak: 256M
current process commit charge ("private bytes"): 287M, peak: 374M

vm_info: Java HotSpot(TM) 64-Bit Server VM (17+35-LTS-2724) for windows-amd64 JRE (17+35-LTS-2724), built on Aug  5 2021 23:28:28 by "mach5one" with MS VC++ 16.8 (VS2019)

END.
