2024-11-23 15:28:03 [http-nio-8000-exec-8] INFO  c.e.api.security.jwt.AuthTokenFilter - parsing jwt  :: null
2024-11-23 15:28:03 [http-nio-8000-exec-8] INFO  c.e.api.security.jwt.AuthTokenFilter - Filter Authentication is :null
2024-11-23 15:28:03 [http-nio-8000-exec-8] DEBUG c.e.a.s.jwt.CacheControlFilter - Cache Controll execute..
2024-11-23 15:28:03 [http-nio-8000-exec-2] INFO  c.e.api.security.jwt.AuthTokenFilter - parsing jwt  :: null
2024-11-23 15:28:03 [http-nio-8000-exec-2] INFO  c.e.api.security.jwt.AuthTokenFilter - Filter Authentication is :null
2024-11-23 15:28:03 [http-nio-8000-exec-6] INFO  c.e.api.security.jwt.AuthTokenFilter - parsing jwt  :: null
2024-11-23 15:28:03 [http-nio-8000-exec-6] INFO  c.e.api.security.jwt.AuthTokenFilter - Filter Authentication is :null
2024-11-23 15:28:03 [http-nio-8000-exec-9] INFO  c.e.api.security.jwt.AuthTokenFilter - parsing jwt  :: null
2024-11-23 15:28:03 [http-nio-8000-exec-9] INFO  c.e.api.security.jwt.AuthTokenFilter - Filter Authentication is :null
2024-11-23 15:28:03 [http-nio-8000-exec-2] DEBUG c.e.a.s.jwt.CacheControlFilter - Cache Controll execute..
2024-11-23 15:28:03 [http-nio-8000-exec-5] INFO  c.e.api.security.jwt.AuthTokenFilter - parsing jwt  :: null
2024-11-23 15:28:03 [http-nio-8000-exec-5] INFO  c.e.api.security.jwt.AuthTokenFilter - Filter Authentication is :null
2024-11-23 15:28:03 [http-nio-8000-exec-5] DEBUG c.e.a.s.jwt.CacheControlFilter - Cache Controll execute..
2024-11-23 15:28:03 [http-nio-8000-exec-9] DEBUG c.e.a.s.jwt.CacheControlFilter - Cache Controll execute..
2024-11-23 15:28:03 [http-nio-8000-exec-4] INFO  c.e.api.security.jwt.AuthTokenFilter - parsing jwt  :: null
2024-11-23 15:28:03 [http-nio-8000-exec-4] INFO  c.e.api.security.jwt.AuthTokenFilter - Filter Authentication is :null
2024-11-23 15:28:03 [http-nio-8000-exec-3] INFO  c.e.api.security.jwt.AuthTokenFilter - parsing jwt  :: null
2024-11-23 15:28:03 [http-nio-8000-exec-3] INFO  c.e.api.security.jwt.AuthTokenFilter - Filter Authentication is :null
2024-11-23 15:28:03 [http-nio-8000-exec-4] DEBUG c.e.a.s.jwt.CacheControlFilter - Cache Controll execute..
2024-11-23 15:28:03 [http-nio-8000-exec-6] DEBUG c.e.a.s.jwt.CacheControlFilter - Cache Controll execute..
2024-11-23 15:28:03 [http-nio-8000-exec-3] DEBUG c.e.a.s.jwt.CacheControlFilter - Cache Controll execute..
2024-11-23 15:28:03 [http-nio-8000-exec-2] INFO  c.e.api.security.jwt.AuthTokenFilter - parsing jwt  :: null
2024-11-23 15:28:03 [http-nio-8000-exec-2] INFO  c.e.api.security.jwt.AuthTokenFilter - Filter Authentication is :null
2024-11-23 15:28:03 [http-nio-8000-exec-2] DEBUG c.e.a.s.jwt.CacheControlFilter - Cache Controll execute..
2024-11-23 15:28:03 [http-nio-8000-exec-1] INFO  c.e.api.security.jwt.AuthTokenFilter - parsing jwt  :: null
2024-11-23 15:28:03 [http-nio-8000-exec-1] INFO  c.e.api.security.jwt.AuthTokenFilter - Filter Authentication is :null
2024-11-23 15:28:03 [http-nio-8000-exec-1] DEBUG c.e.a.s.jwt.CacheControlFilter - Cache Controll execute..
2024-11-23 15:28:03 [http-nio-8000-exec-8] INFO  c.e.api.security.jwt.AuthTokenFilter - parsing jwt  :: null
2024-11-23 15:28:03 [http-nio-8000-exec-8] INFO  c.e.api.security.jwt.AuthTokenFilter - Filter Authentication is :null
2024-11-23 15:28:03 [http-nio-8000-exec-3] INFO  c.e.api.security.jwt.AuthTokenFilter - parsing jwt  :: null
2024-11-23 15:28:03 [http-nio-8000-exec-3] INFO  c.e.api.security.jwt.AuthTokenFilter - Filter Authentication is :null
2024-11-23 15:28:03 [http-nio-8000-exec-3] DEBUG c.e.a.s.jwt.CacheControlFilter - Cache Controll execute..
2024-11-23 15:28:03 [http-nio-8000-exec-6] INFO  c.e.api.security.jwt.AuthTokenFilter - parsing jwt  :: null
2024-11-23 15:28:03 [http-nio-8000-exec-6] INFO  c.e.api.security.jwt.AuthTokenFilter - Filter Authentication is :null
2024-11-23 15:28:03 [http-nio-8000-exec-6] DEBUG c.e.a.s.jwt.CacheControlFilter - Cache Controll execute..
2024-11-23 15:28:03 [http-nio-8000-exec-7] INFO  c.e.api.security.jwt.AuthTokenFilter - parsing jwt  :: null
2024-11-23 15:28:03 [http-nio-8000-exec-7] INFO  c.e.api.security.jwt.AuthTokenFilter - Filter Authentication is :null
2024-11-23 15:28:03 [http-nio-8000-exec-8] DEBUG c.e.a.s.jwt.CacheControlFilter - Cache Controll execute..
2024-11-23 15:28:03 [http-nio-8000-exec-7] DEBUG c.e.a.s.jwt.CacheControlFilter - Cache Controll execute..
2024-11-23 15:28:03 [http-nio-8000-exec-4] INFO  c.e.api.security.jwt.AuthTokenFilter - parsing jwt  :: null
2024-11-23 15:28:03 [http-nio-8000-exec-4] INFO  c.e.api.security.jwt.AuthTokenFilter - Filter Authentication is :null
2024-11-23 15:28:03 [http-nio-8000-exec-4] DEBUG c.e.a.s.jwt.CacheControlFilter - Cache Controll execute..
2024-11-23 15:28:03 [http-nio-8000-exec-10] INFO  c.e.api.security.jwt.AuthTokenFilter - parsing jwt  :: null
2024-11-23 15:28:03 [http-nio-8000-exec-10] INFO  c.e.api.security.jwt.AuthTokenFilter - Filter Authentication is :null
2024-11-23 15:28:03 [http-nio-8000-exec-10] DEBUG c.e.a.s.jwt.CacheControlFilter - Cache Controll execute..
2024-11-23 15:28:03 [http-nio-8000-exec-2] INFO  c.e.api.security.jwt.AuthTokenFilter - parsing jwt  :: null
2024-11-23 15:28:03 [http-nio-8000-exec-2] INFO  c.e.api.security.jwt.AuthTokenFilter - Filter Authentication is :null
2024-11-23 15:28:03 [http-nio-8000-exec-2] DEBUG c.e.a.s.jwt.CacheControlFilter - Cache Controll execute..
2024-11-23 15:28:03 [http-nio-8000-exec-9] INFO  c.e.api.security.jwt.AuthTokenFilter - parsing jwt  :: null
2024-11-23 15:28:03 [http-nio-8000-exec-9] INFO  c.e.api.security.jwt.AuthTokenFilter - Filter Authentication is :null
2024-11-23 15:28:03 [http-nio-8000-exec-9] DEBUG c.e.a.s.jwt.CacheControlFilter - Cache Controll execute..
2024-11-23 15:28:03 [http-nio-8000-exec-1] INFO  c.e.api.security.jwt.AuthTokenFilter - parsing jwt  :: null
2024-11-23 15:28:03 [http-nio-8000-exec-1] INFO  c.e.api.security.jwt.AuthTokenFilter - Filter Authentication is :null
2024-11-23 15:28:03 [http-nio-8000-exec-1] DEBUG c.e.a.s.jwt.CacheControlFilter - Cache Controll execute..
2024-11-23 15:28:03 [http-nio-8000-exec-3] INFO  c.e.api.security.jwt.AuthTokenFilter - parsing jwt  :: null
2024-11-23 15:28:03 [http-nio-8000-exec-3] INFO  c.e.api.security.jwt.AuthTokenFilter - Filter Authentication is :null
2024-11-23 15:28:03 [http-nio-8000-exec-3] DEBUG c.e.a.s.jwt.CacheControlFilter - Cache Controll execute..
2024-11-23 15:28:03 [http-nio-8000-exec-7] INFO  c.e.api.security.jwt.AuthTokenFilter - parsing jwt  :: null
2024-11-23 15:28:03 [http-nio-8000-exec-7] INFO  c.e.api.security.jwt.AuthTokenFilter - Filter Authentication is :null
2024-11-23 15:28:03 [http-nio-8000-exec-7] DEBUG c.e.a.s.jwt.CacheControlFilter - Cache Controll execute..
2024-11-23 15:28:03 [http-nio-8000-exec-5] INFO  c.e.api.security.jwt.AuthTokenFilter - parsing jwt  :: null
2024-11-23 15:28:03 [http-nio-8000-exec-5] INFO  c.e.api.security.jwt.AuthTokenFilter - Filter Authentication is :null
2024-11-23 15:28:03 [http-nio-8000-exec-4] INFO  c.e.api.security.jwt.AuthTokenFilter - parsing jwt  :: null
2024-11-23 15:28:03 [http-nio-8000-exec-4] INFO  c.e.api.security.jwt.AuthTokenFilter - Filter Authentication is :null
2024-11-23 15:28:03 [http-nio-8000-exec-5] DEBUG c.e.a.s.jwt.CacheControlFilter - Cache Controll execute..
2024-11-23 15:28:03 [http-nio-8000-exec-4] DEBUG c.e.a.s.jwt.CacheControlFilter - Cache Controll execute..
2024-11-23 15:28:03 [http-nio-8000-exec-8] INFO  c.e.api.security.jwt.AuthTokenFilter - parsing jwt  :: null
2024-11-23 15:28:03 [http-nio-8000-exec-8] INFO  c.e.api.security.jwt.AuthTokenFilter - Filter Authentication is :null
2024-11-23 15:28:03 [http-nio-8000-exec-8] DEBUG c.e.a.s.jwt.CacheControlFilter - Cache Controll execute..
2024-11-23 15:28:03 [http-nio-8000-exec-2] INFO  c.e.api.security.jwt.AuthTokenFilter - parsing jwt  :: null
2024-11-23 15:28:03 [http-nio-8000-exec-2] INFO  c.e.api.security.jwt.AuthTokenFilter - Filter Authentication is :null
2024-11-23 15:28:03 [http-nio-8000-exec-10] INFO  c.e.api.security.jwt.AuthTokenFilter - parsing jwt  :: null
2024-11-23 15:28:03 [http-nio-8000-exec-10] INFO  c.e.api.security.jwt.AuthTokenFilter - Filter Authentication is :null
2024-11-23 15:28:03 [http-nio-8000-exec-2] DEBUG c.e.a.s.jwt.CacheControlFilter - Cache Controll execute..
2024-11-23 15:28:03 [http-nio-8000-exec-10] DEBUG c.e.a.s.jwt.CacheControlFilter - Cache Controll execute..
2024-11-23 15:28:03 [http-nio-8000-exec-9] INFO  c.e.api.security.jwt.AuthTokenFilter - parsing jwt  :: null
2024-11-23 15:28:03 [http-nio-8000-exec-9] INFO  c.e.api.security.jwt.AuthTokenFilter - Filter Authentication is :null
2024-11-23 15:28:03 [http-nio-8000-exec-9] DEBUG c.e.a.s.jwt.CacheControlFilter - Cache Controll execute..
2024-11-23 15:28:03 [http-nio-8000-exec-7] INFO  c.e.api.security.jwt.AuthTokenFilter - parsing jwt  :: null
2024-11-23 15:28:03 [http-nio-8000-exec-7] INFO  c.e.api.security.jwt.AuthTokenFilter - Filter Authentication is :null
2024-11-23 15:28:03 [http-nio-8000-exec-7] DEBUG c.e.a.s.jwt.CacheControlFilter - Cache Controll execute..
2024-11-23 15:28:03 [http-nio-8000-exec-1] INFO  c.e.api.security.jwt.AuthTokenFilter - parsing jwt  :: null
2024-11-23 15:28:03 [http-nio-8000-exec-1] INFO  c.e.api.security.jwt.AuthTokenFilter - Filter Authentication is :null
2024-11-23 15:28:03 [http-nio-8000-exec-1] DEBUG c.e.a.s.jwt.CacheControlFilter - Cache Controll execute..
2024-11-23 15:28:03 [http-nio-8000-exec-3] INFO  c.e.api.security.jwt.AuthTokenFilter - parsing jwt  :: null
2024-11-23 15:28:03 [http-nio-8000-exec-3] INFO  c.e.api.security.jwt.AuthTokenFilter - Filter Authentication is :null
2024-11-23 15:28:03 [http-nio-8000-exec-3] DEBUG c.e.a.s.jwt.CacheControlFilter - Cache Controll execute..
2024-11-23 15:28:03 [http-nio-8000-exec-5] INFO  c.e.api.security.jwt.AuthTokenFilter - parsing jwt  :: null
2024-11-23 15:28:03 [http-nio-8000-exec-5] INFO  c.e.api.security.jwt.AuthTokenFilter - Filter Authentication is :null
2024-11-23 15:28:04 [http-nio-8000-exec-5] DEBUG c.e.a.s.jwt.CacheControlFilter - Cache Controll execute..
2024-11-23 15:28:04 [http-nio-8000-exec-4] INFO  c.e.api.security.jwt.AuthTokenFilter - parsing jwt  :: null
2024-11-23 15:28:04 [http-nio-8000-exec-4] INFO  c.e.api.security.jwt.AuthTokenFilter - Filter Authentication is :null
2024-11-23 15:28:04 [http-nio-8000-exec-4] DEBUG c.e.a.s.jwt.CacheControlFilter - Cache Controll execute..
2024-11-23 15:28:04 [http-nio-8000-exec-6] INFO  c.e.api.security.jwt.AuthTokenFilter - parsing jwt  :: null
2024-11-23 15:28:04 [http-nio-8000-exec-6] INFO  c.e.api.security.jwt.AuthTokenFilter - Filter Authentication is :null
2024-11-23 15:28:04 [http-nio-8000-exec-6] DEBUG c.e.a.s.jwt.CacheControlFilter - Cache Controll execute..
2024-11-23 15:28:04 [http-nio-8000-exec-8] INFO  c.e.api.security.jwt.AuthTokenFilter - parsing jwt  :: null
2024-11-23 15:28:04 [http-nio-8000-exec-8] INFO  c.e.api.security.jwt.AuthTokenFilter - Filter Authentication is :null
2024-11-23 15:28:04 [http-nio-8000-exec-8] DEBUG c.e.a.s.jwt.CacheControlFilter - Cache Controll execute..
2024-11-23 15:28:04 [http-nio-8000-exec-2] INFO  c.e.api.security.jwt.AuthTokenFilter - parsing jwt  :: null
2024-11-23 15:28:04 [http-nio-8000-exec-2] INFO  c.e.api.security.jwt.AuthTokenFilter - Filter Authentication is :null
2024-11-23 15:28:04 [http-nio-8000-exec-2] DEBUG c.e.a.s.jwt.CacheControlFilter - Cache Controll execute..
2024-11-23 15:28:04 [http-nio-8000-exec-9] INFO  c.e.api.security.jwt.AuthTokenFilter - parsing jwt  :: null
2024-11-23 15:28:04 [http-nio-8000-exec-9] INFO  c.e.api.security.jwt.AuthTokenFilter - Filter Authentication is :null
2024-11-23 15:28:04 [http-nio-8000-exec-9] DEBUG c.e.a.s.jwt.CacheControlFilter - Cache Controll execute..
2024-11-23 15:28:04 [http-nio-8000-exec-10] INFO  c.e.api.security.jwt.AuthTokenFilter - parsing jwt  :: null
2024-11-23 15:28:04 [http-nio-8000-exec-10] INFO  c.e.api.security.jwt.AuthTokenFilter - Filter Authentication is :null
2024-11-23 15:28:04 [http-nio-8000-exec-10] DEBUG c.e.a.s.jwt.CacheControlFilter - Cache Controll execute..
2024-11-23 15:28:04 [http-nio-8000-exec-7] INFO  c.e.api.security.jwt.AuthTokenFilter - parsing jwt  :: null
2024-11-23 15:28:04 [http-nio-8000-exec-7] INFO  c.e.api.security.jwt.AuthTokenFilter - Filter Authentication is :null
2024-11-23 15:28:04 [http-nio-8000-exec-7] DEBUG c.e.a.s.jwt.CacheControlFilter - Cache Controll execute..
2024-11-23 15:28:04 [http-nio-8000-exec-1] INFO  c.e.api.security.jwt.AuthTokenFilter - parsing jwt  :: null
2024-11-23 15:28:04 [http-nio-8000-exec-1] INFO  c.e.api.security.jwt.AuthTokenFilter - Filter Authentication is :null
2024-11-23 15:28:04 [http-nio-8000-exec-1] DEBUG c.e.a.s.jwt.CacheControlFilter - Cache Controll execute..
2024-11-23 15:28:04 [http-nio-8000-exec-4] INFO  c.e.api.security.jwt.AuthTokenFilter - parsing jwt  :: null
2024-11-23 15:28:04 [http-nio-8000-exec-4] INFO  c.e.api.security.jwt.AuthTokenFilter - Filter Authentication is :null
2024-11-23 15:28:04 [http-nio-8000-exec-3] INFO  c.e.api.security.jwt.AuthTokenFilter - parsing jwt  :: null
2024-11-23 15:28:04 [http-nio-8000-exec-3] INFO  c.e.api.security.jwt.AuthTokenFilter - Filter Authentication is :null
2024-11-23 15:28:04 [http-nio-8000-exec-3] DEBUG c.e.a.s.jwt.CacheControlFilter - Cache Controll execute..
2024-11-23 15:28:04 [http-nio-8000-exec-4] DEBUG c.e.a.s.jwt.CacheControlFilter - Cache Controll execute..
2024-11-23 15:28:04 [http-nio-8000-exec-8] INFO  c.e.api.security.jwt.AuthTokenFilter - parsing jwt  :: null
2024-11-23 15:28:04 [http-nio-8000-exec-8] INFO  c.e.api.security.jwt.AuthTokenFilter - Filter Authentication is :null
2024-11-23 15:28:04 [http-nio-8000-exec-8] DEBUG c.e.a.s.jwt.CacheControlFilter - Cache Controll execute..
2024-11-23 15:28:04 [http-nio-8000-exec-9] INFO  c.e.api.security.jwt.AuthTokenFilter - parsing jwt  :: null
2024-11-23 15:28:04 [http-nio-8000-exec-9] INFO  c.e.api.security.jwt.AuthTokenFilter - Filter Authentication is :null
2024-11-23 15:28:04 [http-nio-8000-exec-9] DEBUG c.e.a.s.jwt.CacheControlFilter - Cache Controll execute..
2024-11-23 15:28:04 [http-nio-8000-exec-2] INFO  c.e.api.security.jwt.AuthTokenFilter - parsing jwt  :: null
2024-11-23 15:28:04 [http-nio-8000-exec-2] INFO  c.e.api.security.jwt.AuthTokenFilter - Filter Authentication is :null
2024-11-23 15:28:04 [http-nio-8000-exec-2] DEBUG c.e.a.s.jwt.CacheControlFilter - Cache Controll execute..
2024-11-23 15:28:04 [http-nio-8000-exec-10] INFO  c.e.api.security.jwt.AuthTokenFilter - parsing jwt  :: null
2024-11-23 15:28:04 [http-nio-8000-exec-10] INFO  c.e.api.security.jwt.AuthTokenFilter - Filter Authentication is :null
2024-11-23 15:28:04 [http-nio-8000-exec-10] DEBUG c.e.a.s.jwt.CacheControlFilter - Cache Controll execute..
2024-11-23 15:28:04 [http-nio-8000-exec-7] INFO  c.e.api.security.jwt.AuthTokenFilter - parsing jwt  :: null
2024-11-23 15:28:04 [http-nio-8000-exec-7] INFO  c.e.api.security.jwt.AuthTokenFilter - Filter Authentication is :null
2024-11-23 15:28:04 [http-nio-8000-exec-7] DEBUG c.e.a.s.jwt.CacheControlFilter - Cache Controll execute..
2024-11-23 15:28:04 [http-nio-8000-exec-1] INFO  c.e.api.security.jwt.AuthTokenFilter - parsing jwt  :: null
2024-11-23 15:28:04 [http-nio-8000-exec-1] INFO  c.e.api.security.jwt.AuthTokenFilter - Filter Authentication is :null
2024-11-23 15:28:04 [http-nio-8000-exec-1] DEBUG c.e.a.s.jwt.CacheControlFilter - Cache Controll execute..
2024-11-23 15:28:04 [http-nio-8000-exec-1] INFO  c.e.a.serviceimpl.ProductServiceImpl - total products 1
2024-11-23 15:28:04 [http-nio-8000-exec-4] INFO  c.e.api.security.jwt.AuthTokenFilter - parsing jwt  :: null
2024-11-23 15:28:04 [http-nio-8000-exec-4] INFO  c.e.api.security.jwt.AuthTokenFilter - Filter Authentication is :null
2024-11-23 15:28:04 [http-nio-8000-exec-4] DEBUG c.e.a.s.jwt.CacheControlFilter - Cache Controll execute..
2024-11-23 15:28:36 [RMI TCP Connection(333)-127.0.0.1] INFO  o.s.b.a.SpringApplicationAdminMXBeanRegistrar$SpringApplicationAdmin - Application shutdown requested.
2024-11-23 15:28:36 [RMI TCP Connection(333)-127.0.0.1] INFO  o.a.catalina.core.StandardService - Stopping service [Tomcat]
2024-11-23 15:28:36 [RMI TCP Connection(333)-127.0.0.1] INFO  o.a.c.c.C.[Tomcat-1].[localhost].[/] - Destroying Spring FrameworkServlet 'dispatcherServlet'
2024-11-23 15:28:36 [RMI TCP Connection(333)-127.0.0.1] WARN  o.a.c.loader.WebappClassLoaderBase - The web application [ROOT] appears to have started a thread named [logback-3] but has failed to stop it. This is very likely to create a memory leak. Stack trace of thread:
 java.base/jdk.internal.misc.Unsafe.park(Native Method)
 java.base/java.util.concurrent.locks.LockSupport.park(LockSupport.java:371)
 java.base/java.util.concurrent.locks.AbstractQueuedSynchronizer$ConditionNode.block(AbstractQueuedSynchronizer.java:519)
 java.base/java.util.concurrent.ForkJoinPool.unmanagedBlock(ForkJoinPool.java:3780)
 java.base/java.util.concurrent.ForkJoinPool.managedBlock(ForkJoinPool.java:3725)
 java.base/java.util.concurrent.locks.AbstractQueuedSynchronizer$ConditionObject.await(AbstractQueuedSynchronizer.java:1707)
 java.base/java.util.concurrent.ScheduledThreadPoolExecutor$DelayedWorkQueue.take(ScheduledThreadPoolExecutor.java:1170)
 java.base/java.util.concurrent.ScheduledThreadPoolExecutor$DelayedWorkQueue.take(ScheduledThreadPoolExecutor.java:899)
 java.base/java.util.concurrent.ThreadPoolExecutor.getTask(ThreadPoolExecutor.java:1070)
 java.base/java.util.concurrent.ThreadPoolExecutor.runWorker(ThreadPoolExecutor.java:1130)
 java.base/java.util.concurrent.ThreadPoolExecutor$Worker.run(ThreadPoolExecutor.java:642)
 java.base/java.lang.Thread.run(Thread.java:1583)
2024-11-23 15:28:36 [RMI TCP Connection(333)-127.0.0.1] WARN  o.a.c.loader.WebappClassLoaderBase - The web application [ROOT] appears to have started a thread named [logback-4] but has failed to stop it. This is very likely to create a memory leak. Stack trace of thread:
 java.base/jdk.internal.misc.Unsafe.park(Native Method)
 java.base/java.util.concurrent.locks.LockSupport.park(LockSupport.java:371)
 java.base/java.util.concurrent.locks.AbstractQueuedSynchronizer$ConditionNode.block(AbstractQueuedSynchronizer.java:519)
 java.base/java.util.concurrent.ForkJoinPool.unmanagedBlock(ForkJoinPool.java:3780)
 java.base/java.util.concurrent.ForkJoinPool.managedBlock(ForkJoinPool.java:3725)
 java.base/java.util.concurrent.locks.AbstractQueuedSynchronizer$ConditionObject.await(AbstractQueuedSynchronizer.java:1707)
 java.base/java.util.concurrent.ScheduledThreadPoolExecutor$DelayedWorkQueue.take(ScheduledThreadPoolExecutor.java:1170)
 java.base/java.util.concurrent.ScheduledThreadPoolExecutor$DelayedWorkQueue.take(ScheduledThreadPoolExecutor.java:899)
 java.base/java.util.concurrent.ThreadPoolExecutor.getTask(ThreadPoolExecutor.java:1070)
 java.base/java.util.concurrent.ThreadPoolExecutor.runWorker(ThreadPoolExecutor.java:1130)
 java.base/java.util.concurrent.ThreadPoolExecutor$Worker.run(ThreadPoolExecutor.java:642)
 java.base/java.lang.Thread.run(Thread.java:1583)
2024-11-23 15:28:36 [RMI TCP Connection(333)-127.0.0.1] INFO  o.s.o.j.LocalContainerEntityManagerFactoryBean - Closing JPA EntityManagerFactory for persistence unit 'default'
